Started GET "/" for 127.0.0.1 at 2023-04-28 20:54:34 +0200
Processing by PagesController#home as HTML
  Rendering layout layouts/application.html.erb
  Rendering pages/home.html.erb within layouts/application
  Rendered pages/home.html.erb within layouts/application (Duration: 133.4ms | Allocations: 21204)
  Rendered layout layouts/application.html.erb (Duration: 146.8ms | Allocations: 22601)
Completed 200 OK in 159ms (Views: 158.5ms | ActiveRecord: 0.0ms | Allocations: 24351)


Started GET "/image/banner_mario.jpg" for 127.0.0.1 at 2023-04-28 20:54:35 +0200
  
ActionController::RoutingError (No route matches [GET] "/image/banner_mario.jpg"):
  
Started GET "/" for 127.0.0.1 at 2023-04-28 20:56:26 +0200
Processing by PagesController#home as HTML
  Rendering layout layouts/application.html.erb
  Rendering pages/home.html.erb within layouts/application
  Rendered pages/home.html.erb within layouts/application (Duration: 6.4ms | Allocations: 1495)
  Rendered layout layouts/application.html.erb (Duration: 34.7ms | Allocations: 5784)
Completed 200 OK in 36ms (Views: 35.7ms | ActiveRecord: 0.0ms | Allocations: 5991)


Started GET "/images/banner_mario.jpg" for 127.0.0.1 at 2023-04-28 20:56:26 +0200
  
ActionController::RoutingError (No route matches [GET] "/images/banner_mario.jpg"):
  
Started GET "/" for 127.0.0.1 at 2023-04-28 20:59:11 +0200
Processing by PagesController#home as HTML
  Rendering layout layouts/application.html.erb
  Rendering pages/home.html.erb within layouts/application
  Rendered pages/home.html.erb within layouts/application (Duration: 3.9ms | Allocations: 1495)
  Rendered layout layouts/application.html.erb (Duration: 21.6ms | Allocations: 6121)
Completed 200 OK in 23ms (Views: 22.4ms | ActiveRecord: 0.0ms | Allocations: 6327)


Started GET "/banner_home" for 127.0.0.1 at 2023-04-28 20:59:11 +0200
  
ActionController::RoutingError (No route matches [GET] "/banner_home"):
  
Started GET "/" for 127.0.0.1 at 2023-04-28 21:06:22 +0200
Processing by PagesController#home as HTML
  Rendering layout layouts/application.html.erb
  Rendering pages/home.html.erb within layouts/application
  Rendered pages/home.html.erb within layouts/application (Duration: 20.1ms | Allocations: 2563)
  Rendered layout layouts/application.html.erb (Duration: 33.4ms | Allocations: 7245)
Completed 200 OK in 36ms (Views: 35.8ms | Allocations: 7924)


Started GET "/" for 127.0.0.1 at 2023-04-28 21:06:43 +0200
Processing by PagesController#home as HTML
  Rendering layout layouts/application.html.erb
  Rendering pages/home.html.erb within layouts/application
  Rendered pages/home.html.erb within layouts/application (Duration: 104.1ms | Allocations: 16006)
  Rendered layout layouts/application.html.erb (Duration: 120.1ms | Allocations: 17475)
Completed 200 OK in 124ms (Views: 123.5ms | ActiveRecord: 0.0ms | Allocations: 19225)


Started GET "/" for 127.0.0.1 at 2023-04-28 21:07:48 +0200
Processing by PagesController#home as HTML
  Rendering layout layouts/application.html.erb
  Rendering pages/home.html.erb within layouts/application
  Rendered pages/home.html.erb within layouts/application (Duration: 9.3ms | Allocations: 2549)
  Rendered layout layouts/application.html.erb (Duration: 16.3ms | Allocations: 3931)
Completed 200 OK in 19ms (Views: 18.7ms | ActiveRecord: 0.0ms | Allocations: 4605)


Started GET "/login.html" for 127.0.0.1 at 2023-04-28 21:07:51 +0200
  
ActionController::RoutingError (No route matches [GET] "/login.html"):
  
Started GET "/" for 127.0.0.1 at 2023-04-28 21:24:31 +0200
Processing by PagesController#home as HTML
  Rendering layout layouts/application.html.erb
  Rendering pages/home.html.erb within layouts/application
  Rendered pages/home.html.erb within layouts/application (Duration: 116.9ms | Allocations: 34673)
  Rendered layout layouts/application.html.erb (Duration: 130.6ms | Allocations: 40294)
Completed 200 OK in 136ms (Views: 134.9ms | ActiveRecord: 0.0ms | Allocations: 42066)


Started GET "/" for 127.0.0.1 at 2023-04-28 21:27:31 +0200
Processing by PagesController#home as HTML
  Rendering layout layouts/application.html.erb
  Rendering pages/home.html.erb within layouts/application
  Rendered pages/home.html.erb within layouts/application (Duration: 4.8ms | Allocations: 1944)
  Rendered layout layouts/application.html.erb (Duration: 8.5ms | Allocations: 4118)
Completed 200 OK in 11ms (Views: 10.3ms | ActiveRecord: 0.0ms | Allocations: 4337)


Started GET "/" for 127.0.0.1 at 2023-04-28 21:30:44 +0200
Processing by PagesController#home as HTML
  Rendering layout layouts/application.html.erb
  Rendering pages/home.html.erb within layouts/application
  Rendered pages/home.html.erb within layouts/application (Duration: 5.9ms | Allocations: 1944)
  Rendered layout layouts/application.html.erb (Duration: 17.8ms | Allocations: 7199)
Completed 200 OK in 20ms (Views: 19.4ms | Allocations: 7766)


Started GET "/" for 127.0.0.1 at 2023-04-28 21:36:52 +0200
Processing by PagesController#home as HTML
  Rendering layout layouts/application.html.erb
  Rendering pages/home.html.erb within layouts/application
  Rendered pages/home.html.erb within layouts/application (Duration: 33.8ms | Allocations: 11375)
  Rendered layout layouts/application.html.erb (Duration: 46.6ms | Allocations: 16989)
Completed 200 OK in 51ms (Views: 50.0ms | ActiveRecord: 0.0ms | Allocations: 18762)


Started GET "/" for 127.0.0.1 at 2023-04-28 21:41:10 +0200
Processing by PagesController#home as HTML
  Rendering layout layouts/application.html.erb
  Rendering pages/home.html.erb within layouts/application
  Rendered pages/home.html.erb within layouts/application (Duration: 8.6ms | Allocations: 2576)
  Rendered layout layouts/application.html.erb (Duration: 18.5ms | Allocations: 4980)
Completed 200 OK in 22ms (Views: 21.0ms | ActiveRecord: 0.0ms | Allocations: 5668)


Started GET "/" for 127.0.0.1 at 2023-04-28 21:41:30 +0200
Processing by PagesController#home as HTML
  Rendering layout layouts/application.html.erb
  Rendering pages/home.html.erb within layouts/application
  Rendered pages/home.html.erb within layouts/application (Duration: 3.4ms | Allocations: 1944)
  Rendered layout layouts/application.html.erb (Duration: 8.1ms | Allocations: 4079)
Completed 200 OK in 9ms (Views: 8.7ms | ActiveRecord: 0.0ms | Allocations: 4298)


Started GET "/" for 127.0.0.1 at 2023-04-28 21:46:03 +0200
Processing by PagesController#home as HTML
  Rendering layout layouts/application.html.erb
  Rendering pages/home.html.erb within layouts/application
  Rendered pages/home.html.erb within layouts/application (Duration: 3.4ms | Allocations: 2578)
  Rendered layout layouts/application.html.erb (Duration: 47.3ms | Allocations: 9467)
Completed 200 OK in 49ms (Views: 48.9ms | Allocations: 10155)


Started GET "/" for 127.0.0.1 at 2023-04-28 21:55:23 +0200
Processing by PagesController#home as HTML
  Rendering layout layouts/application.html.erb
  Rendering pages/home.html.erb within layouts/application
  Rendered pages/home.html.erb within layouts/application (Duration: 88.9ms | Allocations: 20741)
  Rendered layout layouts/application.html.erb (Duration: 99.9ms | Allocations: 25659)
Completed 200 OK in 104ms (Views: 103.3ms | ActiveRecord: 0.0ms | Allocations: 27431)


Started GET "/" for 127.0.0.1 at 2023-04-28 22:00:18 +0200
Processing by PagesController#home as HTML
  Rendering layout layouts/application.html.erb
  Rendering pages/home.html.erb within layouts/application
  Rendered pages/home.html.erb within layouts/application (Duration: 8.7ms | Allocations: 2674)
  Rendered layout layouts/application.html.erb (Duration: 16.5ms | Allocations: 5025)
Completed 200 OK in 20ms (Views: 19.1ms | ActiveRecord: 0.0ms | Allocations: 5713)


Started GET "/" for 127.0.0.1 at 2023-04-28 22:00:29 +0200
Processing by PagesController#home as HTML
  Rendering layout layouts/application.html.erb
  Rendering pages/home.html.erb within layouts/application
  Rendered pages/home.html.erb within layouts/application (Duration: 8.4ms | Allocations: 1988)
  Rendered layout layouts/application.html.erb (Duration: 12.5ms | Allocations: 4083)
Completed 200 OK in 14ms (Views: 13.3ms | ActiveRecord: 0.0ms | Allocations: 4302)


Started GET "/" for 127.0.0.1 at 2023-04-28 22:32:55 +0200
Processing by PagesController#home as HTML
  Rendering layout layouts/application.html.erb
  Rendering pages/home.html.erb within layouts/application
  Rendered pages/home.html.erb within layouts/application (Duration: 3.1ms | Allocations: 1989)
  Rendered layout layouts/application.html.erb (Duration: 14.6ms | Allocations: 7782)
Completed 200 OK in 16ms (Views: 15.8ms | Allocations: 8348)


Started GET "/" for 127.0.0.1 at 2023-04-28 22:33:13 +0200
Processing by PagesController#home as HTML
  Rendering layout layouts/application.html.erb
  Rendering pages/home.html.erb within layouts/application
  Rendered pages/home.html.erb within layouts/application (Duration: 3.7ms | Allocations: 1988)
  Rendered layout layouts/application.html.erb (Duration: 12.8ms | Allocations: 4134)
Completed 200 OK in 14ms (Views: 13.6ms | Allocations: 4353)


Started GET "/" for 127.0.0.1 at 2023-04-28 22:40:54 +0200
Processing by PagesController#home as HTML
  Rendering layout layouts/application.html.erb
  Rendering pages/home.html.erb within layouts/application
  Rendered pages/home.html.erb within layouts/application (Duration: 6.6ms | Allocations: 2668)
  Rendered layout layouts/application.html.erb (Duration: 35.5ms | Allocations: 8787)
Completed 200 OK in 38ms (Views: 37.5ms | Allocations: 9474)


Started GET "/" for 127.0.0.1 at 2023-04-28 22:47:07 +0200
Processing by PagesController#home as HTML
  Rendering layout layouts/application.html.erb
  Rendering pages/home.html.erb within layouts/application
  Rendered pages/home.html.erb within layouts/application (Duration: 5.5ms | Allocations: 2679)
  Rendered layout layouts/application.html.erb (Duration: 10.5ms | Allocations: 5077)
Completed 200 OK in 12ms (Views: 12.0ms | Allocations: 5763)


Started GET "/login.html" for 127.0.0.1 at 2023-04-28 22:48:12 +0200
  
ActionController::RoutingError (No route matches [GET] "/login.html"):
  
Started GET "/app.html" for 127.0.0.1 at 2023-04-28 22:49:14 +0200
  
ActionController::RoutingError (No route matches [GET] "/app.html"):
  
Started GET "/" for 127.0.0.1 at 2023-04-29 09:36:30 +0200
Processing by PagesController#home as HTML
  Rendering layout layouts/application.html.erb
  Rendering pages/home.html.erb within layouts/application
  Rendered pages/home.html.erb within layouts/application (Duration: 161.8ms | Allocations: 28183)
  Rendered layout layouts/application.html.erb (Duration: 186.0ms | Allocations: 33944)
Completed 200 OK in 200ms (Views: 199.0ms | ActiveRecord: 0.0ms | Allocations: 35718)


Started GET "/image/banner_mario.jpg" for 127.0.0.1 at 2023-04-29 09:36:31 +0200
  
ActionController::RoutingError (No route matches [GET] "/image/banner_mario.jpg"):
  
Started GET "/" for 127.0.0.1 at 2023-04-29 09:37:09 +0200
Processing by PagesController#home as HTML
  Rendering layout layouts/application.html.erb
  Rendering pages/home.html.erb within layouts/application
  Rendered pages/home.html.erb within layouts/application (Duration: 6.2ms | Allocations: 2706)
  Rendered layout layouts/application.html.erb (Duration: 34.8ms | Allocations: 5164)
Completed 200 OK in 38ms (Views: 36.9ms | ActiveRecord: 0.0ms | Allocations: 5856)


Started GET "/" for 127.0.0.1 at 2023-04-29 09:37:20 +0200
Processing by PagesController#home as HTML
  Rendering layout layouts/application.html.erb
  Rendering pages/home.html.erb within layouts/application
  Rendered pages/home.html.erb within layouts/application (Duration: 4.0ms | Allocations: 2019)
  Rendered layout layouts/application.html.erb (Duration: 12.7ms | Allocations: 4207)
Completed 200 OK in 14ms (Views: 13.5ms | ActiveRecord: 0.0ms | Allocations: 4429)


Started GET "/" for 127.0.0.1 at 2023-04-29 09:37:44 +0200
Processing by PagesController#home as HTML
  Rendering layout layouts/application.html.erb
  Rendering pages/home.html.erb within layouts/application
  Rendered pages/home.html.erb within layouts/application (Duration: 34.3ms | Allocations: 12106)
  Rendered layout layouts/application.html.erb (Duration: 46.2ms | Allocations: 17922)
Completed 200 OK in 52ms (Views: 51.3ms | ActiveRecord: 0.0ms | Allocations: 19698)


Started GET "/image/banner_mario.jpg" for 127.0.0.1 at 2023-04-29 09:37:44 +0200
  
ActionController::RoutingError (No route matches [GET] "/image/banner_mario.jpg"):
  
Started GET "/pages/login" for 127.0.0.1 at 2023-04-29 09:38:03 +0200
Processing by PagesController#login as HTML
  Rendering layout layouts/application.html.erb
  Rendering pages/login.html.erb within layouts/application
  Rendered pages/login.html.erb within layouts/application (Duration: 2.9ms | Allocations: 1508)
  Rendered layout layouts/application.html.erb (Duration: 13.6ms | Allocations: 3639)
Completed 200 OK in 15ms (Views: 14.3ms | ActiveRecord: 0.0ms | Allocations: 3862)


Started GET "/image/banner_mario.jpg" for 127.0.0.1 at 2023-04-29 09:38:03 +0200
  
ActionController::RoutingError (No route matches [GET] "/image/banner_mario.jpg"):
  
Started GET "/pages/home.html" for 127.0.0.1 at 2023-04-29 09:38:20 +0200
  
AbstractController::ActionNotFound (The action 'show' could not be found for PagesController):
  
actionpack (7.0.4.3) lib/abstract_controller/base.rb:146:in `process'
actionview (7.0.4.3) lib/action_view/rendering.rb:39:in `process'
actionpack (7.0.4.3) lib/action_controller/metal.rb:188:in `dispatch'
actionpack (7.0.4.3) lib/action_controller/metal.rb:251:in `dispatch'
actionpack (7.0.4.3) lib/action_dispatch/routing/route_set.rb:49:in `dispatch'
actionpack (7.0.4.3) lib/action_dispatch/routing/route_set.rb:32:in `serve'
actionpack (7.0.4.3) lib/action_dispatch/journey/router.rb:50:in `block in serve'
actionpack (7.0.4.3) lib/action_dispatch/journey/router.rb:32:in `each'
actionpack (7.0.4.3) lib/action_dispatch/journey/router.rb:32:in `serve'
actionpack (7.0.4.3) lib/action_dispatch/routing/route_set.rb:852:in `call'
rack (2.2.7) lib/rack/tempfile_reaper.rb:15:in `call'
rack (2.2.7) lib/rack/etag.rb:27:in `call'
rack (2.2.7) lib/rack/conditional_get.rb:27:in `call'
rack (2.2.7) lib/rack/head.rb:12:in `call'
actionpack (7.0.4.3) lib/action_dispatch/http/permissions_policy.rb:38:in `call'
actionpack (7.0.4.3) lib/action_dispatch/http/content_security_policy.rb:36:in `call'
rack (2.2.7) lib/rack/session/abstract/id.rb:266:in `context'
rack (2.2.7) lib/rack/session/abstract/id.rb:260:in `call'
actionpack (7.0.4.3) lib/action_dispatch/middleware/cookies.rb:704:in `call'
activerecord (7.0.4.3) lib/active_record/migration.rb:603:in `call'
actionpack (7.0.4.3) lib/action_dispatch/middleware/callbacks.rb:27:in `block in call'
activesupport (7.0.4.3) lib/active_support/callbacks.rb:99:in `run_callbacks'
actionpack (7.0.4.3) lib/action_dispatch/middleware/callbacks.rb:26:in `call'
actionpack (7.0.4.3) lib/action_dispatch/middleware/executor.rb:14:in `call'
actionpack (7.0.4.3) lib/action_dispatch/middleware/actionable_exceptions.rb:17:in `call'
actionpack (7.0.4.3) lib/action_dispatch/middleware/debug_exceptions.rb:28:in `call'
actionpack (7.0.4.3) lib/action_dispatch/middleware/show_exceptions.rb:26:in `call'
railties (7.0.4.3) lib/rails/rack/logger.rb:40:in `call_app'
railties (7.0.4.3) lib/rails/rack/logger.rb:25:in `block in call'
activesupport (7.0.4.3) lib/active_support/tagged_logging.rb:99:in `block in tagged'
activesupport (7.0.4.3) lib/active_support/tagged_logging.rb:37:in `tagged'
activesupport (7.0.4.3) lib/active_support/tagged_logging.rb:99:in `tagged'
railties (7.0.4.3) lib/rails/rack/logger.rb:25:in `call'
sprockets-rails (3.4.2) lib/sprockets/rails/quiet_assets.rb:13:in `call'
actionpack (7.0.4.3) lib/action_dispatch/middleware/remote_ip.rb:93:in `call'
actionpack (7.0.4.3) lib/action_dispatch/middleware/request_id.rb:26:in `call'
rack (2.2.7) lib/rack/method_override.rb:24:in `call'
rack (2.2.7) lib/rack/runtime.rb:22:in `call'
activesupport (7.0.4.3) lib/active_support/cache/strategy/local_cache_middleware.rb:29:in `call'
actionpack (7.0.4.3) lib/action_dispatch/middleware/server_timing.rb:61:in `block in call'
actionpack (7.0.4.3) lib/action_dispatch/middleware/server_timing.rb:26:in `collect_events'
actionpack (7.0.4.3) lib/action_dispatch/middleware/server_timing.rb:60:in `call'
actionpack (7.0.4.3) lib/action_dispatch/middleware/executor.rb:14:in `call'
actionpack (7.0.4.3) lib/action_dispatch/middleware/static.rb:23:in `call'
rack (2.2.7) lib/rack/sendfile.rb:110:in `call'
actionpack (7.0.4.3) lib/action_dispatch/middleware/host_authorization.rb:137:in `call'
railties (7.0.4.3) lib/rails/engine.rb:530:in `call'
puma (5.6.5) lib/puma/configuration.rb:252:in `call'
puma (5.6.5) lib/puma/request.rb:77:in `block in handle_request'
puma (5.6.5) lib/puma/thread_pool.rb:340:in `with_force_shutdown'
puma (5.6.5) lib/puma/request.rb:76:in `handle_request'
puma (5.6.5) lib/puma/server.rb:443:in `process_client'
puma (5.6.5) lib/puma/thread_pool.rb:147:in `block in spawn_thread'
Started GET "/" for 127.0.0.1 at 2023-04-29 10:01:10 +0200
Processing by PagesController#home as HTML
  Rendering layout layouts/application.html.erb
  Rendering pages/home.html.erb within layouts/application
  Rendered pages/home.html.erb within layouts/application (Duration: 140.3ms | Allocations: 31459)
  Rendered layout layouts/application.html.erb (Duration: 165.2ms | Allocations: 36981)
Completed 200 OK in 179ms (Views: 178.5ms | ActiveRecord: 0.0ms | Allocations: 38756)


Started GET "/" for 127.0.0.1 at 2023-04-29 10:05:07 +0200
Processing by PagesController#home as HTML
  Rendering layout layouts/application.html.erb
  Rendering pages/home.html.erb within layouts/application
  Rendered pages/home.html.erb within layouts/application (Duration: 8.2ms | Allocations: 3550)
  Rendered layout layouts/application.html.erb (Duration: 21.7ms | Allocations: 5773)
Completed 200 OK in 25ms (Views: 24.5ms | ActiveRecord: 0.0ms | Allocations: 6462)


Started GET "/pages/login" for 127.0.0.1 at 2023-04-29 10:05:20 +0200
Processing by PagesController#login as HTML
  Rendering layout layouts/application.html.erb
  Rendering pages/login.html.erb within layouts/application
  Rendered pages/login.html.erb within layouts/application (Duration: 5.5ms | Allocations: 3176)
  Rendered layout layouts/application.html.erb (Duration: 12.7ms | Allocations: 5094)
Completed 200 OK in 21ms (Views: 20.0ms | ActiveRecord: 0.0ms | Allocations: 5317)


Started GET "/" for 127.0.0.1 at 2023-04-29 10:10:06 +0200
Processing by PagesController#home as HTML
  Rendering layout layouts/application.html.erb
  Rendering pages/home.html.erb within layouts/application
  Rendered pages/home.html.erb within layouts/application (Duration: 55.7ms | Allocations: 28594)
  Rendered layout layouts/application.html.erb (Duration: 65.3ms | Allocations: 34239)
Completed 200 OK in 71ms (Views: 69.9ms | ActiveRecord: 0.0ms | Allocations: 36014)


Started GET "/" for 127.0.0.1 at 2023-04-29 10:15:16 +0200
Processing by PagesController#home as HTML
  Rendering layout layouts/application.html.erb
  Rendering pages/home.html.erb within layouts/application
  Rendered pages/home.html.erb within layouts/application (Duration: 10.8ms | Allocations: 2673)
  Rendered layout layouts/application.html.erb (Duration: 46.7ms | Allocations: 8970)
Completed 200 OK in 49ms (Views: 47.9ms | ActiveRecord: 0.0ms | Allocations: 9193)


Started GET "/" for 127.0.0.1 at 2023-04-29 10:15:18 +0200
Processing by PagesController#home as HTML
  Rendering layout layouts/application.html.erb
  Rendering pages/home.html.erb within layouts/application
  Rendered pages/home.html.erb within layouts/application (Duration: 8.9ms | Allocations: 2668)
  Rendered layout layouts/application.html.erb (Duration: 13.5ms | Allocations: 4758)
Completed 200 OK in 24ms (Views: 23.9ms | ActiveRecord: 0.0ms | Allocations: 4979)


Started GET "/" for 127.0.0.1 at 2023-04-29 10:15:32 +0200
Processing by PagesController#home as HTML
  Rendering layout layouts/application.html.erb
  Rendering pages/home.html.erb within layouts/application
  Rendered pages/home.html.erb within layouts/application (Duration: 78.1ms | Allocations: 26021)
  Rendered layout layouts/application.html.erb (Duration: 89.8ms | Allocations: 31758)
Completed 200 OK in 94ms (Views: 93.5ms | ActiveRecord: 0.0ms | Allocations: 33533)


Started GET "/" for 127.0.0.1 at 2023-04-29 10:15:52 +0200
Processing by PagesController#home as HTML
  Rendering layout layouts/application.html.erb
  Rendering pages/home.html.erb within layouts/application
  Rendered pages/home.html.erb within layouts/application (Duration: 7.2ms | Allocations: 2673)
  Rendered layout layouts/application.html.erb (Duration: 48.1ms | Allocations: 9203)
Completed 200 OK in 50ms (Views: 49.1ms | ActiveRecord: 0.0ms | Allocations: 9426)


Started GET "/" for 127.0.0.1 at 2023-04-29 10:15:59 +0200
Processing by PagesController#home as HTML
  Rendering layout layouts/application.html.erb
  Rendering pages/home.html.erb within layouts/application
  Rendered pages/home.html.erb within layouts/application (Duration: 78.0ms | Allocations: 26136)
  Rendered layout layouts/application.html.erb (Duration: 93.9ms | Allocations: 31868)
Completed 200 OK in 100ms (Views: 98.9ms | ActiveRecord: 0.0ms | Allocations: 33643)


Started GET "/" for 127.0.0.1 at 2023-04-29 10:16:28 +0200
Processing by PagesController#home as HTML
  Rendering layout layouts/application.html.erb
  Rendering pages/home.html.erb within layouts/application
  Rendered pages/home.html.erb within layouts/application (Duration: 7.8ms | Allocations: 2672)
  Rendered layout layouts/application.html.erb (Duration: 45.2ms | Allocations: 8212)
Completed 200 OK in 46ms (Views: 45.9ms | ActiveRecord: 0.0ms | Allocations: 8434)


Started GET "/" for 127.0.0.1 at 2023-04-29 10:16:59 +0200
Processing by PagesController#home as HTML
  Rendering layout layouts/application.html.erb
  Rendering pages/home.html.erb within layouts/application
  Rendered pages/home.html.erb within layouts/application (Duration: 12.8ms | Allocations: 3365)
  Rendered layout layouts/application.html.erb (Duration: 20.3ms | Allocations: 6141)
Completed 200 OK in 24ms (Views: 22.9ms | ActiveRecord: 0.0ms | Allocations: 6832)


Started GET "/" for 127.0.0.1 at 2023-04-29 10:17:22 +0200
Processing by PagesController#home as HTML
  Rendering layout layouts/application.html.erb
  Rendering pages/home.html.erb within layouts/application
  Rendered pages/home.html.erb within layouts/application (Duration: 10.7ms | Allocations: 2610)
  Rendered layout layouts/application.html.erb (Duration: 29.8ms | Allocations: 5040)
Completed 200 OK in 33ms (Views: 32.4ms | ActiveRecord: 0.0ms | Allocations: 5729)


Started GET "/" for 127.0.0.1 at 2023-04-29 10:18:36 +0200
Processing by PagesController#home as HTML
  Rendering layout layouts/application.html.erb
  Rendering pages/home.html.erb within layouts/application
  Rendered pages/home.html.erb within layouts/application (Duration: 9.0ms | Allocations: 3329)
  Rendered layout layouts/application.html.erb (Duration: 14.7ms | Allocations: 5658)
Completed 200 OK in 17ms (Views: 16.4ms | ActiveRecord: 0.0ms | Allocations: 6347)


Started GET "/" for 127.0.0.1 at 2023-04-29 10:18:49 +0200
Processing by PagesController#home as HTML
  Rendering layout layouts/application.html.erb
  Rendering pages/home.html.erb within layouts/application
  Rendered pages/home.html.erb within layouts/application (Duration: 72.3ms | Allocations: 23600)
  Rendered layout layouts/application.html.erb (Duration: 84.8ms | Allocations: 29339)
Completed 200 OK in 90ms (Views: 88.9ms | ActiveRecord: 0.0ms | Allocations: 31114)


Started GET "/" for 127.0.0.1 at 2023-04-29 10:19:17 +0200
Processing by PagesController#home as HTML
  Rendering layout layouts/application.html.erb
  Rendering pages/home.html.erb within layouts/application
  Rendered pages/home.html.erb within layouts/application (Duration: 5.7ms | Allocations: 3377)
  Rendered layout layouts/application.html.erb (Duration: 12.2ms | Allocations: 5707)
Completed 200 OK in 15ms (Views: 14.0ms | ActiveRecord: 0.0ms | Allocations: 6398)


Started GET "/pages/login" for 127.0.0.1 at 2023-04-29 10:19:19 +0200
Processing by PagesController#login as HTML
  Rendering layout layouts/application.html.erb
  Rendering pages/login.html.erb within layouts/application
  Rendered pages/login.html.erb within layouts/application (Duration: 4.8ms | Allocations: 3181)
  Rendered layout layouts/application.html.erb (Duration: 7.8ms | Allocations: 5104)
Completed 200 OK in 9ms (Views: 8.3ms | ActiveRecord: 0.0ms | Allocations: 5327)


Started GET "/" for 127.0.0.1 at 2023-04-29 10:21:39 +0200
Processing by PagesController#home as HTML
  Rendering layout layouts/application.html.erb
  Rendering pages/home.html.erb within layouts/application
  Rendered pages/home.html.erb within layouts/application (Duration: 11.9ms | Allocations: 2672)
  Rendered layout layouts/application.html.erb (Duration: 37.2ms | Allocations: 8810)
Completed 200 OK in 39ms (Views: 38.1ms | ActiveRecord: 0.0ms | Allocations: 9032)


Started GET "/" for 127.0.0.1 at 2023-04-29 10:23:05 +0200
Processing by PagesController#home as HTML
  Rendering layout layouts/application.html.erb
  Rendering pages/home.html.erb within layouts/application
  Rendered pages/home.html.erb within layouts/application (Duration: 8.7ms | Allocations: 2665)
  Rendered layout layouts/application.html.erb (Duration: 21.8ms | Allocations: 5046)
Completed 200 OK in 23ms (Views: 22.5ms | ActiveRecord: 0.0ms | Allocations: 5268)


Started GET "/pages/login" for 127.0.0.1 at 2023-04-29 10:23:39 +0200
Processing by PagesController#login as HTML
  Rendering layout layouts/application.html.erb
  Rendering pages/login.html.erb within layouts/application
  Rendered pages/login.html.erb within layouts/application (Duration: 9.3ms | Allocations: 1724)
  Rendered layout layouts/application.html.erb (Duration: 10.1ms | Allocations: 1791)
Completed 500 Internal Server Error in 12ms (ActiveRecord: 0.0ms | Allocations: 1993)


  
ActionView::Template::Error (The asset "stylesheet_login.css" is not present in the asset pipeline.
):
    1:   <% content_for :head do%>
    2:     <%= stylesheet_link_tag "stylesheet_login" %>
    3:   <%end%>
    4:   <body>
    5:     <header class="header">
  
app/views/pages/login.html.erb:2
app/views/pages/login.html.erb:1
Started GET "/pages/login" for 127.0.0.1 at 2023-04-29 10:23:58 +0200
Processing by PagesController#login as HTML
  Rendering layout layouts/application.html.erb
  Rendering pages/login.html.erb within layouts/application
  Rendered pages/login.html.erb within layouts/application (Duration: 1.2ms | Allocations: 777)
  Rendered layout layouts/application.html.erb (Duration: 1.4ms | Allocations: 844)
Completed 500 Internal Server Error in 2ms (ActiveRecord: 0.0ms | Allocations: 1042)


  
ActionView::Template::Error (The asset "stylesheet_login.css" is not present in the asset pipeline.
):
    1:   <% content_for :head do%>
    2:     <%= stylesheet_link_tag "stylesheet_login" %>
    3:   <%end%>
    4:   <body>
    5:     <header class="header">
  
app/views/pages/login.html.erb:2
app/views/pages/login.html.erb:1
Started GET "/" for 127.0.0.1 at 2023-04-29 10:24:11 +0200
Processing by PagesController#home as HTML
  Rendering layout layouts/application.html.erb
  Rendering pages/home.html.erb within layouts/application
  Rendered pages/home.html.erb within layouts/application (Duration: 5.2ms | Allocations: 2678)
  Rendered layout layouts/application.html.erb (Duration: 14.3ms | Allocations: 4725)
Completed 200 OK in 26ms (Views: 25.3ms | ActiveRecord: 0.0ms | Allocations: 4947)


Started GET "/pages/login" for 127.0.0.1 at 2023-04-29 10:24:15 +0200
Processing by PagesController#login as HTML
  Rendering layout layouts/application.html.erb
  Rendering pages/login.html.erb within layouts/application
  Rendered pages/login.html.erb within layouts/application (Duration: 1.1ms | Allocations: 774)
  Rendered layout layouts/application.html.erb (Duration: 1.3ms | Allocations: 841)
Completed 500 Internal Server Error in 2ms (ActiveRecord: 0.0ms | Allocations: 1038)


  
ActionView::Template::Error (The asset "stylesheet_login.css" is not present in the asset pipeline.
):
    1:   <% content_for :head do%>
    2:     <%= stylesheet_link_tag "stylesheet_login" %>
    3:   <%end%>
    4:   <body>
    5:     <header class="header">
  
app/views/pages/login.html.erb:2
app/views/pages/login.html.erb:1
Started GET "/" for 127.0.0.1 at 2023-04-29 10:29:23 +0200
Processing by PagesController#home as HTML
  Rendering layout layouts/application.html.erb
  Rendering pages/home.html.erb within layouts/application
  Rendered pages/home.html.erb within layouts/application (Duration: 19.2ms | Allocations: 2680)
  Rendered layout layouts/application.html.erb (Duration: 44.0ms | Allocations: 7292)
Completed 200 OK in 45ms (Views: 44.9ms | Allocations: 7515)


Started GET "/" for 127.0.0.1 at 2023-04-29 10:29:31 +0200
Processing by PagesController#home as HTML
  Rendering layout layouts/application.html.erb
  Rendering pages/home.html.erb within layouts/application
  Rendered pages/home.html.erb within layouts/application (Duration: 69.3ms | Allocations: 22968)
  Rendered layout layouts/application.html.erb (Duration: 79.5ms | Allocations: 28641)
Completed 200 OK in 83ms (Views: 82.9ms | ActiveRecord: 0.0ms | Allocations: 30417)


Started GET "/" for 127.0.0.1 at 2023-04-29 10:32:12 +0200
Processing by PagesController#home as HTML
  Rendering layout layouts/application.html.erb
  Rendering pages/home.html.erb within layouts/application
  Rendered pages/home.html.erb within layouts/application (Duration: 9.0ms | Allocations: 2670)
  Rendered layout layouts/application.html.erb (Duration: 15.4ms | Allocations: 5854)
Completed 200 OK in 17ms (Views: 16.6ms | ActiveRecord: 0.0ms | Allocations: 6077)


Started GET "/" for 127.0.0.1 at 2023-04-29 10:33:23 +0200
Processing by PagesController#home as HTML
  Rendering layout layouts/application.html.erb
  Rendering pages/home.html.erb within layouts/application
  Rendered pages/home.html.erb within layouts/application (Duration: 10.9ms | Allocations: 4069)
  Rendered layout layouts/application.html.erb (Duration: 15.8ms | Allocations: 5985)
Completed 200 OK in 21ms (Views: 20.3ms | ActiveRecord: 0.0ms | Allocations: 6206)


Started GET "/" for 127.0.0.1 at 2023-04-29 10:33:24 +0200
Processing by PagesController#home as HTML
  Rendering layout layouts/application.html.erb
  Rendering pages/home.html.erb within layouts/application
  Rendered pages/home.html.erb within layouts/application (Duration: 4.3ms | Allocations: 2662)
  Rendered layout layouts/application.html.erb (Duration: 10.6ms | Allocations: 4575)
Completed 200 OK in 12ms (Views: 11.3ms | ActiveRecord: 0.0ms | Allocations: 4797)


Started GET "/" for 127.0.0.1 at 2023-04-29 10:34:38 +0200
Processing by PagesController#home as HTML
  Rendering layout layouts/application.html.erb
  Rendering pages/home.html.erb within layouts/application
  Rendered pages/home.html.erb within layouts/application (Duration: 8.4ms | Allocations: 2662)
  Rendered layout layouts/application.html.erb (Duration: 22.9ms | Allocations: 5871)
Completed 200 OK in 25ms (Views: 24.2ms | ActiveRecord: 0.0ms | Allocations: 6106)


Started GET "/" for 127.0.0.1 at 2023-04-29 10:34:47 +0200
Processing by PagesController#home as HTML
  Rendering layout layouts/application.html.erb
  Rendering pages/home.html.erb within layouts/application
  Rendered pages/home.html.erb within layouts/application (Duration: 4.5ms | Allocations: 2661)
  Rendered layout layouts/application.html.erb (Duration: 20.6ms | Allocations: 7489)
Completed 200 OK in 23ms (Views: 22.0ms | ActiveRecord: 0.0ms | Allocations: 7711)


Started GET "/" for 127.0.0.1 at 2023-04-29 10:36:42 +0200
Processing by PagesController#home as HTML
  Rendering layout layouts/application.html.erb
  Rendering pages/home.html.erb within layouts/application
  Rendered pages/home.html.erb within layouts/application (Duration: 6.2ms | Allocations: 2705)
  Rendered layout layouts/application.html.erb (Duration: 36.2ms | Allocations: 4979)
Completed 500 Internal Server Error in 38ms (Allocations: 5181)


  
ActionView::Template::Error (wrong number of arguments (given 1, expected 0)):
     5:     <meta name="viewport" content="width=device-width,initial-scale=1">
     6:     <%= csrf_meta_tags %>
     7:     <%= csp_meta_tag %>
     8:     <%= stylesheet_link_tag "application" %>
     9:     <link
    10:       href="https://unpkg.com/boxicons@2.1.4/css/boxicons.min.css"
    11:       rel="stylesheet"
  
app/assets/stylesheets/application.css:13
app/views/layouts/application.html.erb:8
Started GET "/" for 127.0.0.1 at 2023-04-29 10:37:06 +0200
Processing by PagesController#home as HTML
  Rendering layout layouts/application.html.erb
  Rendering pages/home.html.erb within layouts/application
  Rendered pages/home.html.erb within layouts/application (Duration: 4.2ms | Allocations: 2678)
  Rendered layout layouts/application.html.erb (Duration: 9.9ms | Allocations: 5882)
Completed 200 OK in 14ms (Views: 13.4ms | Allocations: 6104)


Started GET "/" for 127.0.0.1 at 2023-04-29 10:37:34 +0200
Processing by PagesController#home as HTML
  Rendering layout layouts/application.html.erb
  Rendering pages/home.html.erb within layouts/application
  Rendered pages/home.html.erb within layouts/application (Duration: 3.5ms | Allocations: 2665)
  Rendered layout layouts/application.html.erb (Duration: 19.6ms | Allocations: 7064)
Completed 200 OK in 21ms (Views: 21.0ms | Allocations: 7285)


Started GET "/" for 127.0.0.1 at 2023-04-29 10:44:50 +0200
Processing by PagesController#home as HTML
  Rendering layout layouts/application.html.erb
  Rendering pages/home.html.erb within layouts/application
  Rendered pages/home.html.erb within layouts/application (Duration: 21.0ms | Allocations: 2668)
  Rendered layout layouts/application.html.erb (Duration: 46.8ms | Allocations: 8824)
Completed 200 OK in 48ms (Views: 47.7ms | Allocations: 9045)


Started GET "/image/banner_mario.jpg" for 127.0.0.1 at 2023-04-29 10:44:50 +0200
  
ActionController::RoutingError (No route matches [GET] "/image/banner_mario.jpg"):
  
Started GET "/" for 127.0.0.1 at 2023-04-29 10:48:34 +0200
Processing by PagesController#home as HTML
  Rendering layout layouts/application.html.erb
  Rendering pages/home.html.erb within layouts/application
  Rendered pages/home.html.erb within layouts/application (Duration: 11.8ms | Allocations: 3366)
  Rendered layout layouts/application.html.erb (Duration: 16.5ms | Allocations: 5741)
Completed 200 OK in 19ms (Views: 18.6ms | Allocations: 6430)


Started GET "/" for 127.0.0.1 at 2023-04-29 10:48:35 +0200
Processing by PagesController#home as HTML
  Rendering layout layouts/application.html.erb
  Rendering pages/home.html.erb within layouts/application
  Rendered pages/home.html.erb within layouts/application (Duration: 6.4ms | Allocations: 2672)
  Rendered layout layouts/application.html.erb (Duration: 11.7ms | Allocations: 4825)
Completed 200 OK in 13ms (Views: 12.7ms | Allocations: 5047)


Started GET "/" for 127.0.0.1 at 2023-04-29 10:49:17 +0200
Processing by PagesController#home as HTML
  Rendering layout layouts/application.html.erb
  Rendering pages/home.html.erb within layouts/application
  Rendered pages/home.html.erb within layouts/application (Duration: 5.4ms | Allocations: 3364)
  Rendered layout layouts/application.html.erb (Duration: 10.4ms | Allocations: 5765)
Completed 200 OK in 13ms (Views: 12.8ms | Allocations: 6454)


Started GET "/" for 127.0.0.1 at 2023-04-29 10:56:35 +0200
Processing by PagesController#home as HTML
  Rendering layout layouts/application.html.erb
  Rendering pages/home.html.erb within layouts/application
  Rendered pages/home.html.erb within layouts/application (Duration: 1.4ms | Allocations: 780)
  Rendered layout layouts/application.html.erb (Duration: 1.6ms | Allocations: 847)
Completed 500 Internal Server Error in 2ms (Allocations: 1045)


  
ActionView::Template::Error (The asset "stylesheet_home.css" is not present in the asset pipeline.
):
    1: <% content_for :view_specific_css do %>
    2:   <%= stylesheet_link_tag "stylesheet_home" %>
    3: <% end %>
    4: <!-- I'm verifying if I'm using a mobile browser // a little different from the js in js/script_responsiveness.js -->
    5: <script>
  
app/views/pages/home.html.erb:2
app/views/pages/home.html.erb:1
Started GET "/" for 127.0.0.1 at 2023-04-29 10:58:15 +0200
Processing by PagesController#home as HTML
  Rendering layout layouts/application.html.erb
  Rendering pages/home.html.erb within layouts/application
  Rendered pages/home.html.erb within layouts/application (Duration: 109.5ms | Allocations: 30271)
  Rendered layout layouts/application.html.erb (Duration: 122.8ms | Allocations: 35843)
Completed 200 OK in 127ms (Views: 126.6ms | ActiveRecord: 0.0ms | Allocations: 37618)


Started GET "/" for 127.0.0.1 at 2023-04-29 11:03:14 +0200
Processing by PagesController#home as HTML
  Rendering layout layouts/application.html.erb
  Rendering pages/home.html.erb within layouts/application
  Rendered pages/home.html.erb within layouts/application (Duration: 18.6ms | Allocations: 3473)
  Rendered layout layouts/application.html.erb (Duration: 33.2ms | Allocations: 5754)
Completed 200 OK in 39ms (Views: 38.0ms | ActiveRecord: 0.0ms | Allocations: 6445)


Started GET "/" for 127.0.0.1 at 2023-04-29 11:04:41 +0200
Processing by PagesController#home as HTML
  Rendering layout layouts/application.html.erb
  Rendering pages/home.html.erb within layouts/application
  Rendered pages/home.html.erb within layouts/application (Duration: 21.9ms | Allocations: 3470)
  Rendered layout layouts/application.html.erb (Duration: 41.9ms | Allocations: 6216)
Completed 200 OK in 49ms (Views: 47.6ms | Allocations: 6905)


Started GET "/" for 127.0.0.1 at 2023-04-29 11:04:42 +0200
Processing by PagesController#home as HTML
  Rendering layout layouts/application.html.erb
  Rendering pages/home.html.erb within layouts/application
  Rendered pages/home.html.erb within layouts/application (Duration: 15.8ms | Allocations: 2776)
  Rendered layout layouts/application.html.erb (Duration: 29.7ms | Allocations: 5256)
Completed 200 OK in 35ms (Views: 34.3ms | Allocations: 5479)


Started GET "/" for 127.0.0.1 at 2023-04-29 11:06:18 +0200
Processing by PagesController#home as HTML
  Rendering layout layouts/application.html.erb
  Rendering pages/home.html.erb within layouts/application
  Rendered pages/home.html.erb within layouts/application (Duration: 21.9ms | Allocations: 2772)
  Rendered layout layouts/application.html.erb (Duration: 34.6ms | Allocations: 5239)
Completed 200 OK in 40ms (Views: 39.4ms | Allocations: 5460)


Started GET "/" for 127.0.0.1 at 2023-04-29 11:06:39 +0200
Processing by PagesController#home as HTML
  Rendering layout layouts/application.html.erb
  Rendering pages/home.html.erb within layouts/application
  Rendered pages/home.html.erb within layouts/application (Duration: 86.2ms | Allocations: 13037)
  Rendered layout layouts/application.html.erb (Duration: 123.6ms | Allocations: 19145)
Completed 200 OK in 142ms (Views: 141.2ms | ActiveRecord: 0.0ms | Allocations: 20921)


Started GET "/" for 127.0.0.1 at 2023-04-29 11:26:47 +0200
Processing by PagesController#home as HTML
  Rendering layout layouts/application.html.erb
  Rendering pages/home.html.erb within layouts/application
  Rendered pages/home.html.erb within layouts/application (Duration: 12.1ms | Allocations: 3471)
  Rendered layout layouts/application.html.erb (Duration: 93.9ms | Allocations: 25876)
Completed 200 OK in 97ms (Views: 96.9ms | Allocations: 26567)


Started GET "/" for 127.0.0.1 at 2023-04-29 11:37:08 +0200
Processing by PagesController#home as HTML
  Rendering layout layouts/application.html.erb
  Rendering pages/home.html.erb within layouts/application
  Rendered pages/home.html.erb within layouts/application (Duration: 3.6ms | Allocations: 2777)
  Rendered layout layouts/application.html.erb (Duration: 12.6ms | Allocations: 5263)
Completed 200 OK in 18ms (Views: 17.7ms | Allocations: 5486)


Started GET "/" for 127.0.0.1 at 2023-04-29 11:37:09 +0200
Processing by PagesController#home as HTML
  Rendering layout layouts/application.html.erb
  Rendering pages/home.html.erb within layouts/application
  Rendered pages/home.html.erb within layouts/application (Duration: 9.2ms | Allocations: 2772)
  Rendered layout layouts/application.html.erb (Duration: 14.0ms | Allocations: 5237)
Completed 200 OK in 15ms (Views: 14.6ms | Allocations: 5458)


Started GET "/" for 127.0.0.1 at 2023-04-29 11:38:34 +0200
Processing by PagesController#home as HTML
  Rendering layout layouts/application.html.erb
  Rendering pages/home.html.erb within layouts/application
  Rendered pages/home.html.erb within layouts/application (Duration: 12.8ms | Allocations: 3459)
  Rendered layout layouts/application.html.erb (Duration: 58.2ms | Allocations: 6226)
Completed 200 OK in 62ms (Views: 61.3ms | Allocations: 6918)


Started GET "/" for 127.0.0.1 at 2023-04-29 11:38:35 +0200
Processing by PagesController#home as HTML
  Rendering layout layouts/application.html.erb
  Rendering pages/home.html.erb within layouts/application
  Rendered pages/home.html.erb within layouts/application (Duration: 9.8ms | Allocations: 2774)
  Rendered layout layouts/application.html.erb (Duration: 13.5ms | Allocations: 5248)
Completed 200 OK in 16ms (Views: 16.0ms | Allocations: 5471)


Started GET "/" for 127.0.0.1 at 2023-04-29 11:39:09 +0200
Processing by PagesController#home as HTML
  Rendering layout layouts/application.html.erb
  Rendering pages/home.html.erb within layouts/application
  Rendered pages/home.html.erb within layouts/application (Duration: 11.6ms | Allocations: 3461)
  Rendered layout layouts/application.html.erb (Duration: 16.9ms | Allocations: 6199)
Completed 200 OK in 20ms (Views: 18.9ms | Allocations: 6888)


Started GET "/" for 127.0.0.1 at 2023-04-29 11:39:24 +0200
Processing by PagesController#home as HTML
  Rendering layout layouts/application.html.erb
  Rendering pages/home.html.erb within layouts/application
  Rendered pages/home.html.erb within layouts/application (Duration: 9.9ms | Allocations: 3458)
  Rendered layout layouts/application.html.erb (Duration: 17.7ms | Allocations: 5744)
Completed 200 OK in 23ms (Views: 22.1ms | Allocations: 6433)


Started GET "/" for 127.0.0.1 at 2023-04-29 11:40:33 +0200
Processing by PagesController#home as HTML
  Rendering layout layouts/application.html.erb
  Rendering pages/home.html.erb within layouts/application
  Rendered pages/home.html.erb within layouts/application (Duration: 6.0ms | Allocations: 3460)
  Rendered layout layouts/application.html.erb (Duration: 13.8ms | Allocations: 5746)
Completed 200 OK in 19ms (Views: 18.3ms | Allocations: 6436)


Started GET "/" for 127.0.0.1 at 2023-04-29 11:40:35 +0200
Processing by PagesController#home as HTML
  Rendering layout layouts/application.html.erb
  Rendering pages/home.html.erb within layouts/application
  Rendered pages/home.html.erb within layouts/application (Duration: 8.1ms | Allocations: 2767)
  Rendered layout layouts/application.html.erb (Duration: 13.9ms | Allocations: 4801)
Completed 200 OK in 16ms (Views: 15.2ms | Allocations: 5023)


Started GET "/" for 127.0.0.1 at 2023-04-29 11:42:57 +0200
Processing by PagesController#home as HTML
  Rendering layout layouts/application.html.erb
  Rendering pages/home.html.erb within layouts/application
  Rendered pages/home.html.erb within layouts/application (Duration: 9.5ms | Allocations: 3458)
  Rendered layout layouts/application.html.erb (Duration: 13.7ms | Allocations: 5748)
Completed 200 OK in 17ms (Views: 15.9ms | Allocations: 6437)


Started GET "/" for 127.0.0.1 at 2023-04-29 11:46:08 +0200
Processing by PagesController#home as HTML
  Rendering layout layouts/application.html.erb
  Rendering pages/home.html.erb within layouts/application
  Rendered pages/home.html.erb within layouts/application (Duration: 16.1ms | Allocations: 3460)
  Rendered layout layouts/application.html.erb (Duration: 20.5ms | Allocations: 5801)
Completed 200 OK in 25ms (Views: 24.0ms | Allocations: 6491)


Started GET "/" for 127.0.0.1 at 2023-04-29 11:46:34 +0200
Processing by PagesController#home as HTML
  Rendering layout layouts/application.html.erb
  Rendering pages/home.html.erb within layouts/application
  Rendered pages/home.html.erb within layouts/application (Duration: 11.9ms | Allocations: 3464)
  Rendered layout layouts/application.html.erb (Duration: 16.7ms | Allocations: 5794)
Completed 200 OK in 19ms (Views: 18.8ms | Allocations: 6483)


Started GET "/pages/login" for 127.0.0.1 at 2023-04-29 11:47:08 +0200
Processing by PagesController#login as HTML
  Rendering layout layouts/application.html.erb
  Rendering pages/login.html.erb within layouts/application
  Rendered pages/login.html.erb within layouts/application (Duration: 14.9ms | Allocations: 3111)
  Rendered layout layouts/application.html.erb (Duration: 18.4ms | Allocations: 5102)
Completed 200 OK in 20ms (Views: 19.2ms | Allocations: 5324)


Started GET "/pages/login" for 127.0.0.1 at 2023-04-29 11:48:17 +0200
Processing by PagesController#login as HTML
  Rendering layout layouts/application.html.erb
  Rendering pages/login.html.erb within layouts/application
  Rendered pages/login.html.erb within layouts/application (Duration: 18.7ms | Allocations: 3089)
  Rendered layout layouts/application.html.erb (Duration: 24.2ms | Allocations: 5374)
Completed 200 OK in 27ms (Views: 26.5ms | Allocations: 6063)


Started GET "/pages/login" for 127.0.0.1 at 2023-04-29 11:48:45 +0200
Processing by PagesController#login as HTML
  Rendering layout layouts/application.html.erb
  Rendering pages/login.html.erb within layouts/application
  Rendered pages/login.html.erb within layouts/application (Duration: 6.6ms | Allocations: 2587)
  Rendered layout layouts/application.html.erb (Duration: 16.7ms | Allocations: 4567)
Completed 200 OK in 19ms (Views: 18.1ms | Allocations: 4789)


Started GET "/pages/login" for 127.0.0.1 at 2023-04-29 11:53:57 +0200
Processing by PagesController#login as HTML
  Rendering layout layouts/application.html.erb
  Rendering pages/login.html.erb within layouts/application
  Rendered pages/login.html.erb within layouts/application (Duration: 12.0ms | Allocations: 3089)
  Rendered layout layouts/application.html.erb (Duration: 16.4ms | Allocations: 5370)
Completed 200 OK in 22ms (Views: 21.4ms | Allocations: 6059)


Started GET "/pages/home.html" for 127.0.0.1 at 2023-04-29 11:53:58 +0200
  
AbstractController::ActionNotFound (The action 'show' could not be found for PagesController):
  
actionpack (7.0.4.3) lib/abstract_controller/base.rb:146:in `process'
actionview (7.0.4.3) lib/action_view/rendering.rb:39:in `process'
actionpack (7.0.4.3) lib/action_controller/metal.rb:188:in `dispatch'
actionpack (7.0.4.3) lib/action_controller/metal.rb:251:in `dispatch'
actionpack (7.0.4.3) lib/action_dispatch/routing/route_set.rb:49:in `dispatch'
actionpack (7.0.4.3) lib/action_dispatch/routing/route_set.rb:32:in `serve'
actionpack (7.0.4.3) lib/action_dispatch/journey/router.rb:50:in `block in serve'
actionpack (7.0.4.3) lib/action_dispatch/journey/router.rb:32:in `each'
actionpack (7.0.4.3) lib/action_dispatch/journey/router.rb:32:in `serve'
actionpack (7.0.4.3) lib/action_dispatch/routing/route_set.rb:852:in `call'
rack (2.2.7) lib/rack/tempfile_reaper.rb:15:in `call'
rack (2.2.7) lib/rack/etag.rb:27:in `call'
rack (2.2.7) lib/rack/conditional_get.rb:27:in `call'
rack (2.2.7) lib/rack/head.rb:12:in `call'
actionpack (7.0.4.3) lib/action_dispatch/http/permissions_policy.rb:38:in `call'
actionpack (7.0.4.3) lib/action_dispatch/http/content_security_policy.rb:36:in `call'
rack (2.2.7) lib/rack/session/abstract/id.rb:266:in `context'
rack (2.2.7) lib/rack/session/abstract/id.rb:260:in `call'
actionpack (7.0.4.3) lib/action_dispatch/middleware/cookies.rb:704:in `call'
activerecord (7.0.4.3) lib/active_record/migration.rb:603:in `call'
actionpack (7.0.4.3) lib/action_dispatch/middleware/callbacks.rb:27:in `block in call'
activesupport (7.0.4.3) lib/active_support/callbacks.rb:99:in `run_callbacks'
actionpack (7.0.4.3) lib/action_dispatch/middleware/callbacks.rb:26:in `call'
actionpack (7.0.4.3) lib/action_dispatch/middleware/executor.rb:14:in `call'
actionpack (7.0.4.3) lib/action_dispatch/middleware/actionable_exceptions.rb:17:in `call'
actionpack (7.0.4.3) lib/action_dispatch/middleware/debug_exceptions.rb:28:in `call'
actionpack (7.0.4.3) lib/action_dispatch/middleware/show_exceptions.rb:26:in `call'
railties (7.0.4.3) lib/rails/rack/logger.rb:40:in `call_app'
railties (7.0.4.3) lib/rails/rack/logger.rb:25:in `block in call'
activesupport (7.0.4.3) lib/active_support/tagged_logging.rb:99:in `block in tagged'
activesupport (7.0.4.3) lib/active_support/tagged_logging.rb:37:in `tagged'
activesupport (7.0.4.3) lib/active_support/tagged_logging.rb:99:in `tagged'
railties (7.0.4.3) lib/rails/rack/logger.rb:25:in `call'
sprockets-rails (3.4.2) lib/sprockets/rails/quiet_assets.rb:13:in `call'
actionpack (7.0.4.3) lib/action_dispatch/middleware/remote_ip.rb:93:in `call'
actionpack (7.0.4.3) lib/action_dispatch/middleware/request_id.rb:26:in `call'
rack (2.2.7) lib/rack/method_override.rb:24:in `call'
rack (2.2.7) lib/rack/runtime.rb:22:in `call'
activesupport (7.0.4.3) lib/active_support/cache/strategy/local_cache_middleware.rb:29:in `call'
actionpack (7.0.4.3) lib/action_dispatch/middleware/server_timing.rb:61:in `block in call'
actionpack (7.0.4.3) lib/action_dispatch/middleware/server_timing.rb:26:in `collect_events'
actionpack (7.0.4.3) lib/action_dispatch/middleware/server_timing.rb:60:in `call'
actionpack (7.0.4.3) lib/action_dispatch/middleware/executor.rb:14:in `call'
actionpack (7.0.4.3) lib/action_dispatch/middleware/static.rb:23:in `call'
rack (2.2.7) lib/rack/sendfile.rb:110:in `call'
actionpack (7.0.4.3) lib/action_dispatch/middleware/host_authorization.rb:137:in `call'
railties (7.0.4.3) lib/rails/engine.rb:530:in `call'
puma (5.6.5) lib/puma/configuration.rb:252:in `call'
puma (5.6.5) lib/puma/request.rb:77:in `block in handle_request'
puma (5.6.5) lib/puma/thread_pool.rb:340:in `with_force_shutdown'
puma (5.6.5) lib/puma/request.rb:76:in `handle_request'
puma (5.6.5) lib/puma/server.rb:443:in `process_client'
puma (5.6.5) lib/puma/thread_pool.rb:147:in `block in spawn_thread'
Started GET "/pages/login" for 127.0.0.1 at 2023-04-29 11:54:02 +0200
Processing by PagesController#login as HTML
  Rendering layout layouts/application.html.erb
  Rendering pages/login.html.erb within layouts/application
  Rendered pages/login.html.erb within layouts/application (Duration: 11.2ms | Allocations: 2604)
  Rendered layout layouts/application.html.erb (Duration: 14.7ms | Allocations: 4595)
Completed 200 OK in 16ms (Views: 15.6ms | Allocations: 4818)


Started GET "/pages/login" for 127.0.0.1 at 2023-04-29 11:56:20 +0200
Processing by PagesController#login as HTML
  Rendering layout layouts/application.html.erb
  Rendering pages/login.html.erb within layouts/application
  Rendered pages/login.html.erb within layouts/application (Duration: 9.6ms | Allocations: 3129)
  Rendered layout layouts/application.html.erb (Duration: 19.4ms | Allocations: 7791)
Completed 200 OK in 22ms (Views: 21.1ms | Allocations: 8486)


Started GET "/pages/home" for 127.0.0.1 at 2023-04-29 11:56:23 +0200
Processing by PagesController#home as HTML
  Rendering layout layouts/application.html.erb
  Rendering pages/home.html.erb within layouts/application
  Rendered pages/home.html.erb within layouts/application (Duration: 13.7ms | Allocations: 4224)
  Rendered layout layouts/application.html.erb (Duration: 16.2ms | Allocations: 5541)
Completed 200 OK in 17ms (Views: 17.0ms | Allocations: 5763)


Started GET "/pages/login" for 127.0.0.1 at 2023-04-29 11:56:26 +0200
Processing by PagesController#login as HTML
  Rendering layout layouts/application.html.erb
  Rendering pages/login.html.erb within layouts/application
  Rendered pages/login.html.erb within layouts/application (Duration: 5.2ms | Allocations: 2607)
  Rendered layout layouts/application.html.erb (Duration: 9.6ms | Allocations: 3854)
Completed 200 OK in 12ms (Views: 11.2ms | Allocations: 4076)


Started GET "/pages/home" for 127.0.0.1 at 2023-04-29 11:56:27 +0200
Processing by PagesController#home as HTML
  Rendering layout layouts/application.html.erb
  Rendering pages/home.html.erb within layouts/application
  Rendered pages/home.html.erb within layouts/application (Duration: 9.8ms | Allocations: 3497)
  Rendered layout layouts/application.html.erb (Duration: 30.5ms | Allocations: 4804)
Completed 200 OK in 32ms (Views: 31.4ms | Allocations: 5025)


Started GET "/pages/bacheca.html" for 127.0.0.1 at 2023-04-29 11:56:36 +0200
  
AbstractController::ActionNotFound (The action 'show' could not be found for PagesController):
  
actionpack (7.0.4.3) lib/abstract_controller/base.rb:146:in `process'
actionview (7.0.4.3) lib/action_view/rendering.rb:39:in `process'
actionpack (7.0.4.3) lib/action_controller/metal.rb:188:in `dispatch'
actionpack (7.0.4.3) lib/action_controller/metal.rb:251:in `dispatch'
actionpack (7.0.4.3) lib/action_dispatch/routing/route_set.rb:49:in `dispatch'
actionpack (7.0.4.3) lib/action_dispatch/routing/route_set.rb:32:in `serve'
actionpack (7.0.4.3) lib/action_dispatch/journey/router.rb:50:in `block in serve'
actionpack (7.0.4.3) lib/action_dispatch/journey/router.rb:32:in `each'
actionpack (7.0.4.3) lib/action_dispatch/journey/router.rb:32:in `serve'
actionpack (7.0.4.3) lib/action_dispatch/routing/route_set.rb:852:in `call'
rack (2.2.7) lib/rack/tempfile_reaper.rb:15:in `call'
rack (2.2.7) lib/rack/etag.rb:27:in `call'
rack (2.2.7) lib/rack/conditional_get.rb:27:in `call'
rack (2.2.7) lib/rack/head.rb:12:in `call'
actionpack (7.0.4.3) lib/action_dispatch/http/permissions_policy.rb:38:in `call'
actionpack (7.0.4.3) lib/action_dispatch/http/content_security_policy.rb:36:in `call'
rack (2.2.7) lib/rack/session/abstract/id.rb:266:in `context'
rack (2.2.7) lib/rack/session/abstract/id.rb:260:in `call'
actionpack (7.0.4.3) lib/action_dispatch/middleware/cookies.rb:704:in `call'
activerecord (7.0.4.3) lib/active_record/migration.rb:603:in `call'
actionpack (7.0.4.3) lib/action_dispatch/middleware/callbacks.rb:27:in `block in call'
activesupport (7.0.4.3) lib/active_support/callbacks.rb:99:in `run_callbacks'
actionpack (7.0.4.3) lib/action_dispatch/middleware/callbacks.rb:26:in `call'
actionpack (7.0.4.3) lib/action_dispatch/middleware/executor.rb:14:in `call'
actionpack (7.0.4.3) lib/action_dispatch/middleware/actionable_exceptions.rb:17:in `call'
actionpack (7.0.4.3) lib/action_dispatch/middleware/debug_exceptions.rb:28:in `call'
actionpack (7.0.4.3) lib/action_dispatch/middleware/show_exceptions.rb:26:in `call'
railties (7.0.4.3) lib/rails/rack/logger.rb:40:in `call_app'
railties (7.0.4.3) lib/rails/rack/logger.rb:25:in `block in call'
activesupport (7.0.4.3) lib/active_support/tagged_logging.rb:99:in `block in tagged'
activesupport (7.0.4.3) lib/active_support/tagged_logging.rb:37:in `tagged'
activesupport (7.0.4.3) lib/active_support/tagged_logging.rb:99:in `tagged'
railties (7.0.4.3) lib/rails/rack/logger.rb:25:in `call'
sprockets-rails (3.4.2) lib/sprockets/rails/quiet_assets.rb:13:in `call'
actionpack (7.0.4.3) lib/action_dispatch/middleware/remote_ip.rb:93:in `call'
actionpack (7.0.4.3) lib/action_dispatch/middleware/request_id.rb:26:in `call'
rack (2.2.7) lib/rack/method_override.rb:24:in `call'
rack (2.2.7) lib/rack/runtime.rb:22:in `call'
activesupport (7.0.4.3) lib/active_support/cache/strategy/local_cache_middleware.rb:29:in `call'
actionpack (7.0.4.3) lib/action_dispatch/middleware/server_timing.rb:61:in `block in call'
actionpack (7.0.4.3) lib/action_dispatch/middleware/server_timing.rb:26:in `collect_events'
actionpack (7.0.4.3) lib/action_dispatch/middleware/server_timing.rb:60:in `call'
actionpack (7.0.4.3) lib/action_dispatch/middleware/executor.rb:14:in `call'
actionpack (7.0.4.3) lib/action_dispatch/middleware/static.rb:23:in `call'
rack (2.2.7) lib/rack/sendfile.rb:110:in `call'
actionpack (7.0.4.3) lib/action_dispatch/middleware/host_authorization.rb:137:in `call'
railties (7.0.4.3) lib/rails/engine.rb:530:in `call'
puma (5.6.5) lib/puma/configuration.rb:252:in `call'
puma (5.6.5) lib/puma/request.rb:77:in `block in handle_request'
puma (5.6.5) lib/puma/thread_pool.rb:340:in `with_force_shutdown'
puma (5.6.5) lib/puma/request.rb:76:in `handle_request'
puma (5.6.5) lib/puma/server.rb:443:in `process_client'
puma (5.6.5) lib/puma/thread_pool.rb:147:in `block in spawn_thread'
Started GET "/pages/login" for 127.0.0.1 at 2023-04-29 11:56:45 +0200
Processing by PagesController#login as HTML
  Rendering layout layouts/application.html.erb
  Rendering pages/login.html.erb within layouts/application
  Rendered pages/login.html.erb within layouts/application (Duration: 16.8ms | Allocations: 2623)
  Rendered layout layouts/application.html.erb (Duration: 19.9ms | Allocations: 3870)
Completed 200 OK in 21ms (Views: 20.4ms | Allocations: 4092)


Started GET "/pages/login" for 127.0.0.1 at 2023-04-29 12:02:57 +0200
Processing by PagesController#login as HTML
  Rendering layout layouts/application.html.erb
  Rendering pages/login.html.erb within layouts/application
  Rendered pages/login.html.erb within layouts/application (Duration: 6.3ms | Allocations: 2606)
  Rendered layout layouts/application.html.erb (Duration: 9.9ms | Allocations: 3855)
Completed 200 OK in 11ms (Views: 10.5ms | Allocations: 4076)


Started GET "/pages/home" for 127.0.0.1 at 2023-04-29 12:04:04 +0200
Processing by PagesController#home as HTML
  Rendering layout layouts/application.html.erb
  Rendering pages/home.html.erb within layouts/application
  Rendered pages/home.html.erb within layouts/application (Duration: 9.9ms | Allocations: 3509)
  Rendered layout layouts/application.html.erb (Duration: 12.7ms | Allocations: 4822)
Completed 200 OK in 14ms (Views: 13.5ms | Allocations: 5043)


Started GET "/pages/login" for 127.0.0.1 at 2023-04-29 12:04:06 +0200
Processing by PagesController#login as HTML
  Rendering layout layouts/application.html.erb
  Rendering pages/login.html.erb within layouts/application
  Rendered pages/login.html.erb within layouts/application (Duration: 7.4ms | Allocations: 2606)
  Rendered layout layouts/application.html.erb (Duration: 10.9ms | Allocations: 3861)
Completed 200 OK in 17ms (Views: 16.0ms | Allocations: 4082)


Started GET "/pages/login" for 127.0.0.1 at 2023-04-29 12:05:25 +0200
Processing by PagesController#login as */*
  Rendering layout layouts/application.html.erb
  Rendering pages/login.html.erb within layouts/application
  Rendered pages/login.html.erb within layouts/application (Duration: 5.2ms | Allocations: 2606)
  Rendered layout layouts/application.html.erb (Duration: 8.0ms | Allocations: 3772)
Completed 200 OK in 10ms (Views: 9.6ms | Allocations: 3998)


Started GET "/pages/login" for 127.0.0.1 at 2023-04-29 12:06:41 +0200
Processing by PagesController#login as HTML
  Rendering layout layouts/application.html.erb
  Rendering pages/login.html.erb within layouts/application
  Rendered pages/login.html.erb within layouts/application (Duration: 19.4ms | Allocations: 2620)
  Rendered layout layouts/application.html.erb (Duration: 22.3ms | Allocations: 3875)
Completed 200 OK in 23ms (Views: 23.0ms | Allocations: 4097)


Started GET "/pages/login" for 127.0.0.1 at 2023-04-29 12:06:53 +0200
Processing by PagesController#login as HTML
  Rendering layout layouts/application.html.erb
  Rendering pages/login.html.erb within layouts/application
  Rendered pages/login.html.erb within layouts/application (Duration: 46.2ms | Allocations: 13854)
  Rendered layout layouts/application.html.erb (Duration: 73.2ms | Allocations: 18621)
Completed 200 OK in 77ms (Views: 76.6ms | ActiveRecord: 0.0ms | Allocations: 20397)


Started GET "/pages/login" for 127.0.0.1 at 2023-04-29 12:07:17 +0200
Processing by PagesController#login as HTML
  Rendering layout layouts/application.html.erb
  Rendering pages/login.html.erb within layouts/application
  Rendered pages/login.html.erb within layouts/application (Duration: 4.0ms | Allocations: 2611)
  Rendered layout layouts/application.html.erb (Duration: 6.1ms | Allocations: 3865)
Completed 200 OK in 7ms (Views: 6.7ms | ActiveRecord: 0.0ms | Allocations: 4088)


Started GET "/pages/login" for 127.0.0.1 at 2023-04-29 12:07:37 +0200
Processing by PagesController#login as HTML
  Rendering layout layouts/application.html.erb
  Rendering pages/login.html.erb within layouts/application
  Rendered pages/login.html.erb within layouts/application (Duration: 3.8ms | Allocations: 2606)
  Rendered layout layouts/application.html.erb (Duration: 8.0ms | Allocations: 3861)
Completed 200 OK in 9ms (Views: 8.7ms | ActiveRecord: 0.0ms | Allocations: 4082)


Started GET "/pages/login_guide.html" for 127.0.0.1 at 2023-04-29 12:08:12 +0200
  
AbstractController::ActionNotFound (The action 'show' could not be found for PagesController):
  
actionpack (7.0.4.3) lib/abstract_controller/base.rb:146:in `process'
actionview (7.0.4.3) lib/action_view/rendering.rb:39:in `process'
actionpack (7.0.4.3) lib/action_controller/metal.rb:188:in `dispatch'
actionpack (7.0.4.3) lib/action_controller/metal.rb:251:in `dispatch'
actionpack (7.0.4.3) lib/action_dispatch/routing/route_set.rb:49:in `dispatch'
actionpack (7.0.4.3) lib/action_dispatch/routing/route_set.rb:32:in `serve'
actionpack (7.0.4.3) lib/action_dispatch/journey/router.rb:50:in `block in serve'
actionpack (7.0.4.3) lib/action_dispatch/journey/router.rb:32:in `each'
actionpack (7.0.4.3) lib/action_dispatch/journey/router.rb:32:in `serve'
actionpack (7.0.4.3) lib/action_dispatch/routing/route_set.rb:852:in `call'
rack (2.2.7) lib/rack/tempfile_reaper.rb:15:in `call'
rack (2.2.7) lib/rack/etag.rb:27:in `call'
rack (2.2.7) lib/rack/conditional_get.rb:27:in `call'
rack (2.2.7) lib/rack/head.rb:12:in `call'
actionpack (7.0.4.3) lib/action_dispatch/http/permissions_policy.rb:38:in `call'
actionpack (7.0.4.3) lib/action_dispatch/http/content_security_policy.rb:36:in `call'
rack (2.2.7) lib/rack/session/abstract/id.rb:266:in `context'
rack (2.2.7) lib/rack/session/abstract/id.rb:260:in `call'
actionpack (7.0.4.3) lib/action_dispatch/middleware/cookies.rb:704:in `call'
activerecord (7.0.4.3) lib/active_record/migration.rb:603:in `call'
actionpack (7.0.4.3) lib/action_dispatch/middleware/callbacks.rb:27:in `block in call'
activesupport (7.0.4.3) lib/active_support/callbacks.rb:99:in `run_callbacks'
actionpack (7.0.4.3) lib/action_dispatch/middleware/callbacks.rb:26:in `call'
actionpack (7.0.4.3) lib/action_dispatch/middleware/executor.rb:14:in `call'
actionpack (7.0.4.3) lib/action_dispatch/middleware/actionable_exceptions.rb:17:in `call'
actionpack (7.0.4.3) lib/action_dispatch/middleware/debug_exceptions.rb:28:in `call'
actionpack (7.0.4.3) lib/action_dispatch/middleware/show_exceptions.rb:26:in `call'
railties (7.0.4.3) lib/rails/rack/logger.rb:40:in `call_app'
railties (7.0.4.3) lib/rails/rack/logger.rb:25:in `block in call'
activesupport (7.0.4.3) lib/active_support/tagged_logging.rb:99:in `block in tagged'
activesupport (7.0.4.3) lib/active_support/tagged_logging.rb:37:in `tagged'
activesupport (7.0.4.3) lib/active_support/tagged_logging.rb:99:in `tagged'
railties (7.0.4.3) lib/rails/rack/logger.rb:25:in `call'
sprockets-rails (3.4.2) lib/sprockets/rails/quiet_assets.rb:13:in `call'
actionpack (7.0.4.3) lib/action_dispatch/middleware/remote_ip.rb:93:in `call'
actionpack (7.0.4.3) lib/action_dispatch/middleware/request_id.rb:26:in `call'
rack (2.2.7) lib/rack/method_override.rb:24:in `call'
rack (2.2.7) lib/rack/runtime.rb:22:in `call'
activesupport (7.0.4.3) lib/active_support/cache/strategy/local_cache_middleware.rb:29:in `call'
actionpack (7.0.4.3) lib/action_dispatch/middleware/server_timing.rb:61:in `block in call'
actionpack (7.0.4.3) lib/action_dispatch/middleware/server_timing.rb:26:in `collect_events'
actionpack (7.0.4.3) lib/action_dispatch/middleware/server_timing.rb:60:in `call'
actionpack (7.0.4.3) lib/action_dispatch/middleware/executor.rb:14:in `call'
actionpack (7.0.4.3) lib/action_dispatch/middleware/static.rb:23:in `call'
rack (2.2.7) lib/rack/sendfile.rb:110:in `call'
actionpack (7.0.4.3) lib/action_dispatch/middleware/host_authorization.rb:137:in `call'
railties (7.0.4.3) lib/rails/engine.rb:530:in `call'
puma (5.6.5) lib/puma/configuration.rb:252:in `call'
puma (5.6.5) lib/puma/request.rb:77:in `block in handle_request'
puma (5.6.5) lib/puma/thread_pool.rb:340:in `with_force_shutdown'
puma (5.6.5) lib/puma/request.rb:76:in `handle_request'
puma (5.6.5) lib/puma/server.rb:443:in `process_client'
puma (5.6.5) lib/puma/thread_pool.rb:147:in `block in spawn_thread'
Started GET "/pages/home" for 127.0.0.1 at 2023-04-29 12:10:29 +0200
Processing by PagesController#home as HTML
  Rendering layout layouts/application.html.erb
  Rendering pages/home.html.erb within layouts/application
  Rendered pages/home.html.erb within layouts/application (Duration: 38.6ms | Allocations: 14832)
  Rendered layout layouts/application.html.erb (Duration: 52.3ms | Allocations: 19893)
Completed 200 OK in 60ms (Views: 59.1ms | ActiveRecord: 0.0ms | Allocations: 21670)


Started GET "/pages/home" for 127.0.0.1 at 2023-04-29 12:11:58 +0200
Processing by PagesController#home as HTML
  Rendering layout layouts/application.html.erb
  Rendering pages/home.html.erb within layouts/application
  Rendered pages/home.html.erb within layouts/application (Duration: 12.2ms | Allocations: 3502)
  Rendered layout layouts/application.html.erb (Duration: 16.7ms | Allocations: 4804)
Completed 200 OK in 19ms (Views: 17.7ms | ActiveRecord: 0.0ms | Allocations: 5027)


Started GET "/pages/login" for 127.0.0.1 at 2023-04-29 12:12:01 +0200
Processing by PagesController#login as HTML
  Rendering layout layouts/application.html.erb
  Rendering pages/login.html.erb within layouts/application
  Rendered pages/login.html.erb within layouts/application (Duration: 8.9ms | Allocations: 3132)
  Rendered layout layouts/application.html.erb (Duration: 18.9ms | Allocations: 4390)
Completed 200 OK in 21ms (Views: 20.8ms | ActiveRecord: 0.0ms | Allocations: 4611)


Started GET "/pages/home" for 127.0.0.1 at 2023-04-29 12:12:09 +0200
Processing by PagesController#home as HTML
  Rendering layout layouts/application.html.erb
  Rendering pages/home.html.erb within layouts/application
  Rendered pages/home.html.erb within layouts/application (Duration: 44.0ms | Allocations: 14399)
  Rendered layout layouts/application.html.erb (Duration: 56.5ms | Allocations: 19453)
Completed 200 OK in 64ms (Views: 63.0ms | ActiveRecord: 0.0ms | Allocations: 21229)


Started GET "/pages/home" for 127.0.0.1 at 2023-04-29 12:12:11 +0200
Processing by PagesController#home as HTML
  Rendering layout layouts/application.html.erb
  Rendering pages/home.html.erb within layouts/application
  Rendered pages/home.html.erb within layouts/application (Duration: 9.6ms | Allocations: 3502)
  Rendered layout layouts/application.html.erb (Duration: 14.5ms | Allocations: 4814)
Completed 200 OK in 18ms (Views: 16.8ms | ActiveRecord: 0.0ms | Allocations: 5037)


Started GET "/pages/home" for 127.0.0.1 at 2023-04-29 12:12:29 +0200
Processing by PagesController#home as HTML
  Rendering layout layouts/application.html.erb
  Rendering pages/home.html.erb within layouts/application
  Rendered pages/home.html.erb within layouts/application (Duration: 4.7ms | Allocations: 3498)
  Rendered layout layouts/application.html.erb (Duration: 6.9ms | Allocations: 4810)
Completed 200 OK in 8ms (Views: 7.4ms | ActiveRecord: 0.0ms | Allocations: 5032)


Started GET "/pages/home" for 127.0.0.1 at 2023-04-29 12:12:46 +0200
Processing by PagesController#home as HTML
  Rendering layout layouts/application.html.erb
  Rendering pages/home.html.erb within layouts/application
  Rendered pages/home.html.erb within layouts/application (Duration: 42.8ms | Allocations: 13790)
  Rendered layout layouts/application.html.erb (Duration: 57.5ms | Allocations: 18850)
Completed 200 OK in 62ms (Views: 61.6ms | ActiveRecord: 0.0ms | Allocations: 20626)


Started GET "/pages/login" for 127.0.0.1 at 2023-04-29 12:12:51 +0200
Processing by PagesController#login as HTML
  Rendering layout layouts/application.html.erb
  Rendering pages/login.html.erb within layouts/application
  Rendered pages/login.html.erb within layouts/application (Duration: 11.8ms | Allocations: 3151)
  Rendered layout layouts/application.html.erb (Duration: 16.7ms | Allocations: 4405)
Completed 200 OK in 19ms (Views: 18.4ms | ActiveRecord: 0.0ms | Allocations: 4628)


Started GET "/pages/login" for 127.0.0.1 at 2023-04-29 12:13:27 +0200
Processing by PagesController#login as HTML
  Rendering layout layouts/application.html.erb
  Rendering pages/login.html.erb within layouts/application
  Rendered pages/login.html.erb within layouts/application (Duration: 4.6ms | Allocations: 2607)
  Rendered layout layouts/application.html.erb (Duration: 9.7ms | Allocations: 3849)
Completed 200 OK in 13ms (Views: 12.3ms | ActiveRecord: 0.0ms | Allocations: 4072)


Started GET "/pages/home" for 127.0.0.1 at 2023-04-29 12:13:29 +0200
Processing by PagesController#home as HTML
  Rendering layout layouts/application.html.erb
  Rendering pages/home.html.erb within layouts/application
  Rendered pages/home.html.erb within layouts/application (Duration: 40.6ms | Allocations: 10505)
  Rendered layout layouts/application.html.erb (Duration: 42.9ms | Allocations: 11809)
Completed 200 OK in 44ms (Views: 43.7ms | ActiveRecord: 0.0ms | Allocations: 12031)


Started GET "/image/banner_mario.jpg" for 127.0.0.1 at 2023-04-29 12:13:30 +0200
  
ActionController::RoutingError (No route matches [GET] "/image/banner_mario.jpg"):
  
Started GET "/pages/home" for 127.0.0.1 at 2023-04-29 12:13:37 +0200
Processing by PagesController#home as HTML
  Rendering layout layouts/application.html.erb
  Rendering pages/home.html.erb within layouts/application
  Rendered pages/home.html.erb within layouts/application (Duration: 11.5ms | Allocations: 3537)
  Rendered layout layouts/application.html.erb (Duration: 16.1ms | Allocations: 4844)
Completed 200 OK in 18ms (Views: 17.4ms | ActiveRecord: 0.0ms | Allocations: 5065)


Started GET "/pages/home" for 127.0.0.1 at 2023-04-29 12:14:09 +0200
Processing by PagesController#home as HTML
  Rendering layout layouts/application.html.erb
  Rendering pages/home.html.erb within layouts/application
  Rendered pages/home.html.erb within layouts/application (Duration: 5.7ms | Allocations: 3497)
  Rendered layout layouts/application.html.erb (Duration: 14.3ms | Allocations: 4812)
Completed 200 OK in 16ms (Views: 15.5ms | ActiveRecord: 0.0ms | Allocations: 5033)


Started GET "/pages/login" for 127.0.0.1 at 2023-04-29 12:14:11 +0200
Processing by PagesController#login as HTML
  Rendering layout layouts/application.html.erb
  Rendering pages/login.html.erb within layouts/application
  Rendered pages/login.html.erb within layouts/application (Duration: 23.2ms | Allocations: 2647)
  Rendered layout layouts/application.html.erb (Duration: 45.7ms | Allocations: 3895)
Completed 200 OK in 47ms (Views: 46.3ms | ActiveRecord: 0.0ms | Allocations: 4117)


Started GET "/pages/login" for 127.0.0.1 at 2023-04-29 12:16:41 +0200
Processing by PagesController#login as HTML
  Rendering layout layouts/application.html.erb
  Rendering pages/login.html.erb within layouts/application
  Rendered pages/login.html.erb within layouts/application (Duration: 4.9ms | Allocations: 2612)
  Rendered layout layouts/application.html.erb (Duration: 8.9ms | Allocations: 3865)
Completed 200 OK in 12ms (Views: 11.2ms | ActiveRecord: 0.0ms | Allocations: 4086)


Started GET "/pages/home" for 127.0.0.1 at 2023-04-29 12:19:48 +0200
Processing by PagesController#home as HTML
  Rendering layout layouts/application.html.erb
  Rendering pages/home.html.erb within layouts/application
  Rendered pages/home.html.erb within layouts/application (Duration: 9.3ms | Allocations: 3516)
  Rendered layout layouts/application.html.erb (Duration: 11.7ms | Allocations: 4823)
Completed 200 OK in 13ms (Views: 12.3ms | Allocations: 5044)


Started GET "/pages/login" for 127.0.0.1 at 2023-04-29 12:20:10 +0200
Processing by PagesController#login as HTML
  Rendering layout layouts/application.html.erb
  Rendering pages/login.html.erb within layouts/application
  Rendered pages/login.html.erb within layouts/application (Duration: 4.1ms | Allocations: 2607)
  Rendered layout layouts/application.html.erb (Duration: 6.2ms | Allocations: 3867)
Completed 200 OK in 7ms (Views: 6.8ms | Allocations: 4089)


Started GET "/pages/login" for 127.0.0.1 at 2023-04-29 12:23:15 +0200
Processing by PagesController#login as HTML
  Rendering layout layouts/application.html.erb
  Rendering pages/login.html.erb within layouts/application
  Rendered pages/login.html.erb within layouts/application (Duration: 6.3ms | Allocations: 2606)
  Rendered layout layouts/application.html.erb (Duration: 9.3ms | Allocations: 3849)
Completed 200 OK in 13ms (Views: 11.9ms | Allocations: 4070)


Started GET "/pages/home" for 127.0.0.1 at 2023-04-29 12:23:48 +0200
Processing by PagesController#home as HTML
  Rendering layout layouts/application.html.erb
  Rendering pages/home.html.erb within layouts/application
  Rendered pages/home.html.erb within layouts/application (Duration: 8.7ms | Allocations: 3497)
  Rendered layout layouts/application.html.erb (Duration: 11.3ms | Allocations: 4812)
Completed 200 OK in 12ms (Views: 12.0ms | Allocations: 5033)


Started GET "/pages/home" for 127.0.0.1 at 2023-04-29 12:28:18 +0200
Processing by PagesController#home as HTML
  Rendering layout layouts/application.html.erb
  Rendering pages/home.html.erb within layouts/application
  Rendered pages/home.html.erb within layouts/application (Duration: 46.1ms | Allocations: 13790)
  Rendered layout layouts/application.html.erb (Duration: 57.3ms | Allocations: 18846)
Completed 200 OK in 62ms (Views: 61.7ms | ActiveRecord: 0.0ms | Allocations: 20622)


Started GET "/pages/login" for 127.0.0.1 at 2023-04-29 12:28:23 +0200
Processing by PagesController#login as HTML
  Rendering layout layouts/application.html.erb
  Rendering pages/login.html.erb within layouts/application
  Rendered pages/login.html.erb within layouts/application (Duration: 6.2ms | Allocations: 3151)
  Rendered layout layouts/application.html.erb (Duration: 11.9ms | Allocations: 4411)
Completed 200 OK in 13ms (Views: 12.8ms | ActiveRecord: 0.0ms | Allocations: 4634)


Started GET "/" for 127.0.0.1 at 2023-04-30 12:28:47 +0200
Processing by PagesController#home as HTML
  Rendering layout layouts/application.html.erb
  Rendering pages/home.html.erb within layouts/application
  Rendered pages/home.html.erb within layouts/application (Duration: 67.2ms | Allocations: 26085)
  Rendered layout layouts/application.html.erb (Duration: 77.8ms | Allocations: 31014)
Completed 200 OK in 84ms (Views: 83.4ms | ActiveRecord: 0.0ms | Allocations: 32789)


Started GET "/pages/login" for 127.0.0.1 at 2023-04-30 12:28:55 +0200
Processing by PagesController#login as HTML
  Rendering layout layouts/application.html.erb
  Rendering pages/login.html.erb within layouts/application
  Rendered pages/login.html.erb within layouts/application (Duration: 15.4ms | Allocations: 3135)
  Rendered layout layouts/application.html.erb (Duration: 18.3ms | Allocations: 4396)
Completed 200 OK in 20ms (Views: 19.3ms | ActiveRecord: 0.0ms | Allocations: 4618)


Started GET "/" for 127.0.0.1 at 2023-04-30 12:29:13 +0200
Processing by PagesController#home as HTML
  Rendering layout layouts/application.html.erb
  Rendering pages/home.html.erb within layouts/application
  Rendered pages/home.html.erb within layouts/application (Duration: 4.5ms | Allocations: 3499)
  Rendered layout layouts/application.html.erb (Duration: 12.7ms | Allocations: 4813)
Completed 200 OK in 14ms (Views: 13.4ms | ActiveRecord: 0.0ms | Allocations: 5036)


Started GET "/" for 127.0.0.1 at 2023-04-30 12:29:16 +0200
Processing by PagesController#home as HTML
  Rendering layout layouts/application.html.erb
  Rendering pages/home.html.erb within layouts/application
  Rendered pages/home.html.erb within layouts/application (Duration: 19.8ms | Allocations: 3497)
  Rendered layout layouts/application.html.erb (Duration: 24.7ms | Allocations: 4808)
Completed 200 OK in 27ms (Views: 25.9ms | ActiveRecord: 0.0ms | Allocations: 5029)


Started GET "/pages/login" for 127.0.0.1 at 2023-04-30 12:30:36 +0200
Processing by PagesController#login as HTML
  Rendering layout layouts/application.html.erb
  Rendering pages/login.html.erb within layouts/application
  Rendered pages/login.html.erb within layouts/application (Duration: 7.3ms | Allocations: 2606)
  Rendered layout layouts/application.html.erb (Duration: 11.9ms | Allocations: 3841)
Completed 200 OK in 14ms (Views: 13.7ms | ActiveRecord: 0.0ms | Allocations: 4062)


Started GET "/pages/home" for 127.0.0.1 at 2023-04-30 12:33:04 +0200
Processing by PagesController#home as HTML
  Rendering layout layouts/application.html.erb
  Rendering pages/home.html.erb within layouts/application
  Rendered pages/home.html.erb within layouts/application (Duration: 9.8ms | Allocations: 3497)
  Rendered layout layouts/application.html.erb (Duration: 13.9ms | Allocations: 4826)
Completed 200 OK in 15ms (Views: 14.5ms | ActiveRecord: 0.0ms | Allocations: 5047)


Started GET "/pages/guide.html" for 127.0.0.1 at 2023-04-30 13:00:19 +0200
  
AbstractController::ActionNotFound (The action 'show' could not be found for PagesController):
  
actionpack (7.0.4.3) lib/abstract_controller/base.rb:146:in `process'
actionview (7.0.4.3) lib/action_view/rendering.rb:39:in `process'
actionpack (7.0.4.3) lib/action_controller/metal.rb:188:in `dispatch'
actionpack (7.0.4.3) lib/action_controller/metal.rb:251:in `dispatch'
actionpack (7.0.4.3) lib/action_dispatch/routing/route_set.rb:49:in `dispatch'
actionpack (7.0.4.3) lib/action_dispatch/routing/route_set.rb:32:in `serve'
actionpack (7.0.4.3) lib/action_dispatch/journey/router.rb:50:in `block in serve'
actionpack (7.0.4.3) lib/action_dispatch/journey/router.rb:32:in `each'
actionpack (7.0.4.3) lib/action_dispatch/journey/router.rb:32:in `serve'
actionpack (7.0.4.3) lib/action_dispatch/routing/route_set.rb:852:in `call'
rack (2.2.7) lib/rack/tempfile_reaper.rb:15:in `call'
rack (2.2.7) lib/rack/etag.rb:27:in `call'
rack (2.2.7) lib/rack/conditional_get.rb:27:in `call'
rack (2.2.7) lib/rack/head.rb:12:in `call'
actionpack (7.0.4.3) lib/action_dispatch/http/permissions_policy.rb:38:in `call'
actionpack (7.0.4.3) lib/action_dispatch/http/content_security_policy.rb:36:in `call'
rack (2.2.7) lib/rack/session/abstract/id.rb:266:in `context'
rack (2.2.7) lib/rack/session/abstract/id.rb:260:in `call'
actionpack (7.0.4.3) lib/action_dispatch/middleware/cookies.rb:704:in `call'
activerecord (7.0.4.3) lib/active_record/migration.rb:603:in `call'
actionpack (7.0.4.3) lib/action_dispatch/middleware/callbacks.rb:27:in `block in call'
activesupport (7.0.4.3) lib/active_support/callbacks.rb:99:in `run_callbacks'
actionpack (7.0.4.3) lib/action_dispatch/middleware/callbacks.rb:26:in `call'
actionpack (7.0.4.3) lib/action_dispatch/middleware/executor.rb:14:in `call'
actionpack (7.0.4.3) lib/action_dispatch/middleware/actionable_exceptions.rb:17:in `call'
actionpack (7.0.4.3) lib/action_dispatch/middleware/debug_exceptions.rb:28:in `call'
actionpack (7.0.4.3) lib/action_dispatch/middleware/show_exceptions.rb:26:in `call'
railties (7.0.4.3) lib/rails/rack/logger.rb:40:in `call_app'
railties (7.0.4.3) lib/rails/rack/logger.rb:25:in `block in call'
activesupport (7.0.4.3) lib/active_support/tagged_logging.rb:99:in `block in tagged'
activesupport (7.0.4.3) lib/active_support/tagged_logging.rb:37:in `tagged'
activesupport (7.0.4.3) lib/active_support/tagged_logging.rb:99:in `tagged'
railties (7.0.4.3) lib/rails/rack/logger.rb:25:in `call'
sprockets-rails (3.4.2) lib/sprockets/rails/quiet_assets.rb:13:in `call'
actionpack (7.0.4.3) lib/action_dispatch/middleware/remote_ip.rb:93:in `call'
actionpack (7.0.4.3) lib/action_dispatch/middleware/request_id.rb:26:in `call'
rack (2.2.7) lib/rack/method_override.rb:24:in `call'
rack (2.2.7) lib/rack/runtime.rb:22:in `call'
activesupport (7.0.4.3) lib/active_support/cache/strategy/local_cache_middleware.rb:29:in `call'
actionpack (7.0.4.3) lib/action_dispatch/middleware/server_timing.rb:61:in `block in call'
actionpack (7.0.4.3) lib/action_dispatch/middleware/server_timing.rb:26:in `collect_events'
actionpack (7.0.4.3) lib/action_dispatch/middleware/server_timing.rb:60:in `call'
actionpack (7.0.4.3) lib/action_dispatch/middleware/executor.rb:14:in `call'
actionpack (7.0.4.3) lib/action_dispatch/middleware/static.rb:23:in `call'
rack (2.2.7) lib/rack/sendfile.rb:110:in `call'
actionpack (7.0.4.3) lib/action_dispatch/middleware/host_authorization.rb:137:in `call'
railties (7.0.4.3) lib/rails/engine.rb:530:in `call'
puma (5.6.5) lib/puma/configuration.rb:252:in `call'
puma (5.6.5) lib/puma/request.rb:77:in `block in handle_request'
puma (5.6.5) lib/puma/thread_pool.rb:340:in `with_force_shutdown'
puma (5.6.5) lib/puma/request.rb:76:in `handle_request'
puma (5.6.5) lib/puma/server.rb:443:in `process_client'
puma (5.6.5) lib/puma/thread_pool.rb:147:in `block in spawn_thread'
Started GET "/pages/home" for 127.0.0.1 at 2023-04-30 13:14:29 +0200
Processing by PagesController#home as HTML
  Rendering layout layouts/application.html.erb
  Rendering pages/home.html.erb within layouts/application
  Rendered pages/home.html.erb within layouts/application (Duration: 74.8ms | Allocations: 13797)
  Rendered layout layouts/application.html.erb (Duration: 97.8ms | Allocations: 18861)
Completed 200 OK in 108ms (Views: 107.4ms | ActiveRecord: 0.0ms | Allocations: 20637)


Started GET "/pages/login" for 127.0.0.1 at 2023-04-30 13:14:33 +0200
Processing by PagesController#login as HTML
  Rendering layout layouts/application.html.erb
  Rendering pages/login.html.erb within layouts/application
  Rendered pages/login.html.erb within layouts/application (Duration: 12.2ms | Allocations: 3151)
  Rendered layout layouts/application.html.erb (Duration: 14.2ms | Allocations: 4409)
Completed 200 OK in 17ms (Views: 17.0ms | ActiveRecord: 0.0ms | Allocations: 4632)


