# Logfile created on 2023-05-14 23:32:53 +0200 by logger.rb/v1.4.2
D, [2023-05-14T23:41:33.160518 #59014] DEBUG -- : UserMailer#welcome_email: processed outbound mail in 453.4ms
I, [2023-05-14T23:41:33.225028 #59014]  INFO -- : Delivered mail 6461558d297a6_e6863458489d@alessandro-KLVC-WXX9.mail (64.1ms)
D, [2023-05-14T23:41:33.225168 #59014] DEBUG -- : Date: Sun, 14 May 2023 23:41:33 +0200
From: discover-railsproject@googlegroups.com
To: alessandrosaccone96@gmail.com
Message-ID: <6461558d297a6_e6863458489d@alessandro-KLVC-WXX9.mail>
Subject: Welcome to My App
Mime-Version: 1.0
Content-Type: text/html;
 charset=UTF-8
Content-Transfer-Encoding: 7bit

<!DOCTYPE html>
<html>
  <head>
    <meta http-equiv="Content-Type" content="text/html; charset=utf-8" />
    <style>
      /* Email styles need to be inline */
    </style>
  </head>

  <body>
    <h1>Invia quesot coglions</h1>
  </body>
</html>

D, [2023-05-14T23:42:59.798289 #59014] DEBUG -- : UserMailer#welcome_email: processed outbound mail in 6.7ms
I, [2023-05-14T23:42:59.804009 #59014]  INFO -- : Delivered mail 646155e3c3388_e68634444995@alessandro-KLVC-WXX9.mail (5.3ms)
D, [2023-05-14T23:42:59.804192 #59014] DEBUG -- : Date: Sun, 14 May 2023 23:42:59 +0200
From: discover.railsproject@gmail.com
To: alessandrosaccone96@gmail.com
Message-ID: <646155e3c3388_e68634444995@alessandro-KLVC-WXX9.mail>
Subject: Welcome to My App
Mime-Version: 1.0
Content-Type: text/html;
 charset=UTF-8
Content-Transfer-Encoding: 7bit

<!DOCTYPE html>
<html>
  <head>
    <meta http-equiv="Content-Type" content="text/html; charset=utf-8" />
    <style>
      /* Email styles need to be inline */
    </style>
  </head>

  <body>
    <h1>Invia quesot coglions</h1>
  </body>
</html>

D, [2023-05-14T23:43:10.443967 #59014] DEBUG -- : UserMailer#welcome_email: processed outbound mail in 5.4ms
I, [2023-05-14T23:43:10.449534 #59014]  INFO -- : Delivered mail 646155ee6cabf_e686341c506e@alessandro-KLVC-WXX9.mail (5.2ms)
D, [2023-05-14T23:43:10.449721 #59014] DEBUG -- : Date: Sun, 14 May 2023 23:43:10 +0200
From: discover.railsproject@gmail.com
To: alessandrosaccone96@gmail.com
Message-ID: <646155ee6cabf_e686341c506e@alessandro-KLVC-WXX9.mail>
Subject: Welcome to My App
Mime-Version: 1.0
Content-Type: text/html;
 charset=UTF-8
Content-Transfer-Encoding: 7bit

<!DOCTYPE html>
<html>
  <head>
    <meta http-equiv="Content-Type" content="text/html; charset=utf-8" />
    <style>
      /* Email styles need to be inline */
    </style>
  </head>

  <body>
    <h1>Invia quesot coglions</h1>
  </body>
</html>

D, [2023-05-14T23:43:30.288302 #59362] DEBUG -- : UserMailer#welcome_email: processed outbound mail in 393.4ms
I, [2023-05-14T23:43:30.399360 #59362]  INFO -- : Delivered mail 646156024a5c8_e7e2345891551@alessandro-KLVC-WXX9.mail (110.6ms)
D, [2023-05-14T23:43:30.399504 #59362] DEBUG -- : Date: Sun, 14 May 2023 23:43:30 +0200
From: discover.railsproject@gmail.com
To: alessandrosaccone96@gmail.com
Message-ID: <646156024a5c8_e7e2345891551@alessandro-KLVC-WXX9.mail>
Subject: Welcome to My App
Mime-Version: 1.0
Content-Type: text/html;
 charset=UTF-8
Content-Transfer-Encoding: 7bit

<!DOCTYPE html>
<html>
  <head>
    <meta http-equiv="Content-Type" content="text/html; charset=utf-8" />
    <style>
      /* Email styles need to be inline */
    </style>
  </head>

  <body>
    <h1>Invia quesot coglions</h1>
  </body>
</html>

D, [2023-05-14T23:45:02.630971 #59362] DEBUG -- : UserMailer#welcome_email: processed outbound mail in 5.8ms
I, [2023-05-14T23:45:02.636131 #59362]  INFO -- : Delivered mail 6461565e9a59f_e7e2344491682@alessandro-KLVC-WXX9.mail (4.8ms)
D, [2023-05-14T23:45:02.636284 #59362] DEBUG -- : Date: Sun, 14 May 2023 23:45:02 +0200
From: discover.railsproject@gmail.com
To: alessandrosaccone96@gmail.com
Message-ID: <6461565e9a59f_e7e2344491682@alessandro-KLVC-WXX9.mail>
Subject: Welcome to My App
Mime-Version: 1.0
Content-Type: text/html;
 charset=UTF-8
Content-Transfer-Encoding: 7bit

<!DOCTYPE html>
<html>
  <head>
    <meta http-equiv="Content-Type" content="text/html; charset=utf-8" />
    <style>
      /* Email styles need to be inline */
    </style>
  </head>

  <body>
    <h1>Invia quesot coglions</h1>
  </body>
</html>

D, [2023-05-14T23:51:21.315841 #59362] DEBUG -- : UserMailer#welcome_email: processed outbound mail in 4.8ms
I, [2023-05-14T23:51:21.319912 #59362]  INFO -- : Delivered mail 646157d94d5df_e7e234449178d@alessandro-KLVC-WXX9.mail (3.7ms)
D, [2023-05-14T23:51:21.320059 #59362] DEBUG -- : Date: Sun, 14 May 2023 23:51:21 +0200
From: discover.railsproject@gmail.com
To: alessandrosaccone96@gmail.com
Message-ID: <646157d94d5df_e7e234449178d@alessandro-KLVC-WXX9.mail>
Subject: Welcome to My App
Mime-Version: 1.0
Content-Type: text/html;
 charset=UTF-8
Content-Transfer-Encoding: 7bit

<!DOCTYPE html>
<html>
  <head>
    <meta http-equiv="Content-Type" content="text/html; charset=utf-8" />
    <style>
      /* Email styles need to be inline */
    </style>
  </head>

  <body>
    <h1>Invia quesot coglions</h1>
  </body>
</html>

D, [2023-05-14T23:52:26.530556 #59362] DEBUG -- : UserMailer#welcome_email: processed outbound mail in 6.7ms
I, [2023-05-14T23:52:26.536128 #59362]  INFO -- : Delivered mail 6461581a81d04_e7e23458918cb@alessandro-KLVC-WXX9.mail (5.2ms)
D, [2023-05-14T23:52:26.536414 #59362] DEBUG -- : Date: Sun, 14 May 2023 23:52:26 +0200
From: discover.railsproject@gmai.com
To: alessandrosaccone96@gmail.com
Message-ID: <6461581a81d04_e7e23458918cb@alessandro-KLVC-WXX9.mail>
Subject: Welcome to My App
Mime-Version: 1.0
Content-Type: text/html;
 charset=UTF-8
Content-Transfer-Encoding: 7bit

<!DOCTYPE html>
<html>
  <head>
    <meta http-equiv="Content-Type" content="text/html; charset=utf-8" />
    <style>
      /* Email styles need to be inline */
    </style>
  </head>

  <body>
    <h1>Invia quesot coglions</h1>
  </body>
</html>

D, [2023-05-14T23:52:30.605384 #59362] DEBUG -- : UserMailer#welcome_email: processed outbound mail in 5.7ms
I, [2023-05-14T23:52:30.609987 #59362]  INFO -- : Delivered mail 6461581e94156_e7e2341c91913@alessandro-KLVC-WXX9.mail (4.2ms)
D, [2023-05-14T23:52:30.610135 #59362] DEBUG -- : Date: Sun, 14 May 2023 23:52:30 +0200
From: discover.railsproject@gmai.com
To: alessandrosaccone96@gmail.com
Message-ID: <6461581e94156_e7e2341c91913@alessandro-KLVC-WXX9.mail>
Subject: Welcome to My App
Mime-Version: 1.0
Content-Type: text/html;
 charset=UTF-8
Content-Transfer-Encoding: 7bit

<!DOCTYPE html>
<html>
  <head>
    <meta http-equiv="Content-Type" content="text/html; charset=utf-8" />
    <style>
      /* Email styles need to be inline */
    </style>
  </head>

  <body>
    <h1>Invia quesot coglions</h1>
  </body>
</html>

D, [2023-05-14T23:53:33.808458 #60102] DEBUG -- : UserMailer#welcome_email: processed outbound mail in 304.4ms
I, [2023-05-14T23:53:33.873381 #60102]  INFO -- : Delivered mail 6461585dc7c82_eac6343089920@alessandro-KLVC-WXX9.mail (64.5ms)
D, [2023-05-14T23:53:33.873545 #60102] DEBUG -- : Date: Sun, 14 May 2023 23:53:33 +0200
From: discover.railsproject@gmail.com
To: alessandrosaccone96@gmail.com
Message-ID: <6461585dc7c82_eac6343089920@alessandro-KLVC-WXX9.mail>
Subject: Welcome to My App
Mime-Version: 1.0
Content-Type: text/html;
 charset=UTF-8
Content-Transfer-Encoding: 7bit

<!DOCTYPE html>
<html>
  <head>
    <meta http-equiv="Content-Type" content="text/html; charset=utf-8" />
    <style>
      /* Email styles need to be inline */
    </style>
  </head>

  <body>
    <h1>Invia quesot coglions</h1>
  </body>
</html>

D, [2023-05-14T23:53:44.269436 #60102] DEBUG -- : UserMailer#welcome_email: processed outbound mail in 4.7ms
I, [2023-05-14T23:53:44.274093 #60102]  INFO -- : Delivered mail 646158684204c_eac63408900b1@alessandro-KLVC-WXX9.mail (4.3ms)
D, [2023-05-14T23:53:44.274257 #60102] DEBUG -- : Date: Sun, 14 May 2023 23:53:44 +0200
From: discover.railsproject@gmail.com
To: alessandrosaccone96@gmail.com
Message-ID: <646158684204c_eac63408900b1@alessandro-KLVC-WXX9.mail>
Subject: Welcome to My App
Mime-Version: 1.0
Content-Type: text/html;
 charset=UTF-8
Content-Transfer-Encoding: 7bit

<!DOCTYPE html>
<html>
  <head>
    <meta http-equiv="Content-Type" content="text/html; charset=utf-8" />
    <style>
      /* Email styles need to be inline */
    </style>
  </head>

  <body>
    <h1>Invia quesot coglions</h1>
  </body>
</html>

D, [2023-05-14T23:54:26.433419 #60102] DEBUG -- : UserMailer#welcome_email: processed outbound mail in 5.8ms
I, [2023-05-14T23:54:26.438186 #60102]  INFO -- : Delivered mail 646158926a200_eac6341c901fa@alessandro-KLVC-WXX9.mail (4.4ms)
D, [2023-05-14T23:54:26.438325 #60102] DEBUG -- : Date: Sun, 14 May 2023 23:54:26 +0200
From: discover.railsproject@gmail.com
To: alessandrosaccone96@gmail.com
Message-ID: <646158926a200_eac6341c901fa@alessandro-KLVC-WXX9.mail>
Subject: Welcome to My App
Mime-Version: 1.0
Content-Type: text/html;
 charset=UTF-8
Content-Transfer-Encoding: 7bit

<!DOCTYPE html>
<html>
  <head>
    <meta http-equiv="Content-Type" content="text/html; charset=utf-8" />
    <style>
      /* Email styles need to be inline */
    </style>
  </head>

  <body>
    <h1>Invia quesot coglions</h1>
  </body>
</html>

D, [2023-05-14T23:54:33.352575 #60102] DEBUG -- : UserMailer#welcome_email: processed outbound mail in 5.9ms
I, [2023-05-14T23:54:33.357268 #60102]  INFO -- : Delivered mail 6461589956686_eac634589025e@alessandro-KLVC-WXX9.mail (4.3ms)
D, [2023-05-14T23:54:33.357437 #60102] DEBUG -- : Date: Sun, 14 May 2023 23:54:33 +0200
From: discover.railsproject@gmail.com
To: alessandrosaccone96@gmail.com
Message-ID: <6461589956686_eac634589025e@alessandro-KLVC-WXX9.mail>
Subject: Welcome to My App
Mime-Version: 1.0
Content-Type: text/html;
 charset=UTF-8
Content-Transfer-Encoding: 7bit

<!DOCTYPE html>
<html>
  <head>
    <meta http-equiv="Content-Type" content="text/html; charset=utf-8" />
    <style>
      /* Email styles need to be inline */
    </style>
  </head>

  <body>
    <h1>Invia quesot coglions</h1>
  </body>
</html>

D, [2023-05-14T23:54:37.843599 #60102] DEBUG -- : UserMailer#welcome_email: processed outbound mail in 5.3ms
I, [2023-05-14T23:54:37.847480 #60102]  INFO -- : Delivered mail 6461589dce2a9_eac6341c903df@alessandro-KLVC-WXX9.mail (3.6ms)
D, [2023-05-14T23:54:37.847647 #60102] DEBUG -- : Date: Sun, 14 May 2023 23:54:37 +0200
From: discover.railsproject@gmail.com
To: alessandrosaccone96@gmail.com
Message-ID: <6461589dce2a9_eac6341c903df@alessandro-KLVC-WXX9.mail>
Subject: Welcome to My App
Mime-Version: 1.0
Content-Type: text/html;
 charset=UTF-8
Content-Transfer-Encoding: 7bit

<!DOCTYPE html>
<html>
  <head>
    <meta http-equiv="Content-Type" content="text/html; charset=utf-8" />
    <style>
      /* Email styles need to be inline */
    </style>
  </head>

  <body>
    <h1>Invia quesot coglions</h1>
  </body>
</html>

D, [2023-05-14T23:57:19.995729 #60661] DEBUG -- : UserMailer#welcome_email: processed outbound mail in 2.0ms
D, [2023-05-14T23:57:46.402956 #60661] DEBUG -- : UserMailer#welcome_email: processed outbound mail in 375.9ms
I, [2023-05-14T23:57:46.471550 #60661]  INFO -- : Delivered mail 6461595a6538d_ecf53458186fa@alessandro-KLVC-WXX9.mail (68.1ms)
D, [2023-05-14T23:57:46.471690 #60661] DEBUG -- : Date: Sun, 14 May 2023 23:57:46 +0200
From: discover.railsproject@gmail.com
To: alessandrosaccone96@gmail.com
Message-ID: <6461595a6538d_ecf53458186fa@alessandro-KLVC-WXX9.mail>
Subject: Welcome to My App
Mime-Version: 1.0
Content-Type: text/html;
 charset=UTF-8
Content-Transfer-Encoding: 7bit

<!DOCTYPE html>
<html>
  <head>
    <meta http-equiv="Content-Type" content="text/html; charset=utf-8" />
    <style>
      /* Email styles need to be inline */
    </style>
  </head>

  <body>
    <h1>Invia quesot coglions</h1>
  </body>
</html>

D, [2023-05-14T23:58:20.681182 #60661] DEBUG -- : UserMailer#welcome_email: processed outbound mail in 5.0ms
I, [2023-05-14T23:58:20.686302 #60661]  INFO -- : Delivered mail 6461597ca69df_ecf5343018760@alessandro-KLVC-WXX9.mail (4.6ms)
D, [2023-05-14T23:58:20.686582 #60661] DEBUG -- : Date: Sun, 14 May 2023 23:58:20 +0200
From: discover.railsproject@gmail.com
To: alessandrosaccone96@gmail.com
Message-ID: <6461597ca69df_ecf5343018760@alessandro-KLVC-WXX9.mail>
Subject: Welcome to My App
Mime-Version: 1.0
Content-Type: text/html;
 charset=UTF-8
Content-Transfer-Encoding: 7bit

<!DOCTYPE html>
<html>
  <head>
    <meta http-equiv="Content-Type" content="text/html; charset=utf-8" />
    <style>
      /* Email styles need to be inline */
    </style>
  </head>

  <body>
    <h1>Invia quesot coglions</h1>
  </body>
</html>

D, [2023-05-14T23:58:55.482648 #60661] DEBUG -- : UserMailer#welcome_email: processed outbound mail in 4.9ms
I, [2023-05-14T23:58:55.486935 #60661]  INFO -- : Delivered mail 6461599f761bf_ecf53444188dd@alessandro-KLVC-WXX9.mail (3.9ms)
D, [2023-05-14T23:58:55.487098 #60661] DEBUG -- : Date: Sun, 14 May 2023 23:58:55 +0200
From: discover.railsproject@gmail.com
To: alessandrosaccone96@gmail.com
Message-ID: <6461599f761bf_ecf53444188dd@alessandro-KLVC-WXX9.mail>
Subject: Welcome to My App
Mime-Version: 1.0
Content-Type: text/html;
 charset=UTF-8
Content-Transfer-Encoding: 7bit

<!DOCTYPE html>
<html>
  <head>
    <meta http-equiv="Content-Type" content="text/html; charset=utf-8" />
    <style>
      /* Email styles need to be inline */
    </style>
  </head>

  <body>
    <h1>Invia quesot coglions</h1>
  </body>
</html>

D, [2023-05-15T00:01:07.474297 #61264] DEBUG -- : UserMailer#welcome_email: processed outbound mail in 437.5ms
I, [2023-05-15T00:01:07.609786 #61264]  INFO -- : Delivered mail 64615a23781f4_ef5034083575a@alessandro-KLVC-WXX9.mail (134.9ms)
D, [2023-05-15T00:01:07.610022 #61264] DEBUG -- : Date: Mon, 15 May 2023 00:01:07 +0200
From: discover.railsproject@gmail.com
To: alessandrosaccone96@gmail.com
Message-ID: <64615a23781f4_ef5034083575a@alessandro-KLVC-WXX9.mail>
Subject: Welcome to My App
Mime-Version: 1.0
Content-Type: text/html;
 charset=UTF-8
Content-Transfer-Encoding: 7bit

<!DOCTYPE html>
<html>
  <head>
    <meta http-equiv="Content-Type" content="text/html; charset=utf-8" />
    <style>
      /* Email styles need to be inline */
    </style>
  </head>

  <body>
    <h1>Invia quesot coglions</h1>
  </body>
</html>

D, [2023-05-15T00:02:54.805197 #61561] DEBUG -- : UserMailer#welcome_email: processed outbound mail in 375.1ms
I, [2023-05-15T00:02:54.897411 #61561]  INFO -- : Delivered mail 64615a8ec8a2b_f0793444876ce@alessandro-KLVC-WXX9.mail (91.7ms)
D, [2023-05-15T00:02:54.897614 #61561] DEBUG -- : Date: Mon, 15 May 2023 00:02:54 +0200
From: discover.railsproject@gmail.com
To: alessandrosaccone96@gmail.com
Message-ID: <64615a8ec8a2b_f0793444876ce@alessandro-KLVC-WXX9.mail>
Subject: Welcome to My App
Mime-Version: 1.0
Content-Type: text/html;
 charset=UTF-8
Content-Transfer-Encoding: 7bit

<!DOCTYPE html>
<html>
  <head>
    <meta http-equiv="Content-Type" content="text/html; charset=utf-8" />
    <style>
      /* Email styles need to be inline */
    </style>
  </head>

  <body>
    <h1>Invia quesot coglions</h1>
  </body>
</html>

D, [2023-05-15T00:05:14.576434 #61799] DEBUG -- : UserMailer#welcome_email: processed outbound mail in 371.4ms
I, [2023-05-15T00:05:14.685357 #61799]  INFO -- : Delivered mail 64615b1a91172_f1673408784fe@alessandro-KLVC-WXX9.mail (108.5ms)
D, [2023-05-15T00:05:14.685507 #61799] DEBUG -- : Date: Mon, 15 May 2023 00:05:14 +0200
From: discove.railsproject@gmail.com
To: alessandrosaccone96@gmail.com
Message-ID: <64615b1a91172_f1673408784fe@alessandro-KLVC-WXX9.mail>
Subject: Welcome to My App
Mime-Version: 1.0
Content-Type: text/html;
 charset=UTF-8
Content-Transfer-Encoding: 7bit

<!DOCTYPE html>
<html>
  <head>
    <meta http-equiv="Content-Type" content="text/html; charset=utf-8" />
    <style>
      /* Email styles need to be inline */
    </style>
  </head>

  <body>
    <h1>Invia quesot coglions</h1>
  </body>
</html>

D, [2023-05-15T00:08:01.947992 #61799] DEBUG -- : UserMailer#welcome_email: processed outbound mail in 24.0ms
I, [2023-05-15T00:08:01.957124 #61799]  INFO -- : Delivered mail 64615bc1e8616_f16734447852c@alessandro-KLVC-WXX9.mail (8.8ms)
D, [2023-05-15T00:08:01.957420 #61799] DEBUG -- : Date: Mon, 15 May 2023 00:08:01 +0200
From: discover.railsproject@gmail.com
To: alessandrosaccone96@gmail.com
Message-ID: <64615bc1e8616_f16734447852c@alessandro-KLVC-WXX9.mail>
Subject: Welcome to My App
Mime-Version: 1.0
Content-Type: text/html;
 charset=UTF-8
Content-Transfer-Encoding: 7bit

<!DOCTYPE html>
<html>
  <head>
    <meta http-equiv="Content-Type" content="text/html; charset=utf-8" />
    <style>
      /* Email styles need to be inline */
    </style>
  </head>

  <body>
    <h1>Invia quesot coglions</h1>
  </body>
</html>

D, [2023-05-15T00:08:56.265339 #61799] DEBUG -- : UserMailer#welcome_email: processed outbound mail in 7.0ms
I, [2023-05-15T00:08:56.270623 #61799]  INFO -- : Delivered mail 64615bf8411b3_f167341c786c9@alessandro-KLVC-WXX9.mail (4.9ms)
D, [2023-05-15T00:08:56.270781 #61799] DEBUG -- : Date: Mon, 15 May 2023 00:08:56 +0200
From: discover.railsproject@gmail.com
To: alessandrosaccone96@gmail.com
Message-ID: <64615bf8411b3_f167341c786c9@alessandro-KLVC-WXX9.mail>
Subject: Welcome to My App
Mime-Version: 1.0
Content-Type: text/html;
 charset=UTF-8
Content-Transfer-Encoding: 7bit

<!DOCTYPE html>
<html>
  <head>
    <meta http-equiv="Content-Type" content="text/html; charset=utf-8" />
    <style>
      /* Email styles need to be inline */
    </style>
  </head>

  <body>
    <h1>Invia quesot coglions</h1>
  </body>
</html>

D, [2023-05-15T00:08:58.143744 #61799] DEBUG -- : UserMailer#welcome_email: processed outbound mail in 5.9ms
I, [2023-05-15T00:08:58.148302 #61799]  INFO -- : Delivered mail 64615bfa23661_f16734087874c@alessandro-KLVC-WXX9.mail (4.2ms)
D, [2023-05-15T00:08:58.148458 #61799] DEBUG -- : Date: Mon, 15 May 2023 00:08:58 +0200
From: discover.railsproject@gmail.com
To: alessandrosaccone96@gmail.com
Message-ID: <64615bfa23661_f16734087874c@alessandro-KLVC-WXX9.mail>
Subject: Welcome to My App
Mime-Version: 1.0
Content-Type: text/html;
 charset=UTF-8
Content-Transfer-Encoding: 7bit

<!DOCTYPE html>
<html>
  <head>
    <meta http-equiv="Content-Type" content="text/html; charset=utf-8" />
    <style>
      /* Email styles need to be inline */
    </style>
  </head>

  <body>
    <h1>Invia quesot coglions</h1>
  </body>
</html>

D, [2023-05-15T00:09:07.958755 #61799] DEBUG -- : UserMailer#welcome_email: processed outbound mail in 5.0ms
I, [2023-05-15T00:09:07.963310 #61799]  INFO -- : Delivered mail 64615c03ea583_f1673458788d7@alessandro-KLVC-WXX9.mail (4.1ms)
D, [2023-05-15T00:09:07.963495 #61799] DEBUG -- : Date: Mon, 15 May 2023 00:09:07 +0200
From: discover.railsproject@gmail.com
To: alessandrosaccone96@gmail.com
Message-ID: <64615c03ea583_f1673458788d7@alessandro-KLVC-WXX9.mail>
Subject: Welcome to My App
Mime-Version: 1.0
Content-Type: text/html;
 charset=UTF-8
Content-Transfer-Encoding: 7bit

<!DOCTYPE html>
<html>
  <head>
    <meta http-equiv="Content-Type" content="text/html; charset=utf-8" />
    <style>
      /* Email styles need to be inline */
    </style>
  </head>

  <body>
    <h1>Invia quesot coglions</h1>
  </body>
</html>

D, [2023-05-15T00:12:45.567613 #62534] DEBUG -- : UserMailer#welcome_email: processed outbound mail in 415.0ms
I, [2023-05-15T00:12:45.639446 #62534]  INFO -- : Delivered mail 64615cdd8d53d_f446147863bf@alessandro-KLVC-WXX9.mail (71.4ms)
D, [2023-05-15T00:12:45.639603 #62534] DEBUG -- : Date: Mon, 15 May 2023 00:12:45 +0200
From: discover.railsproject@gmail.com
To: sue@example.com
Message-ID: <64615cdd8d53d_f446147863bf@alessandro-KLVC-WXX9.mail>
Subject: Welcome to My App
Mime-Version: 1.0
Content-Type: text/html;
 charset=UTF-8
Content-Transfer-Encoding: 7bit

<!DOCTYPE html>
<html>
  <head>
    <meta http-equiv="Content-Type" content="text/html; charset=utf-8" />
    <style>
      /* Email styles need to be inline */
    </style>
  </head>

  <body>
    <h1>Invia quesot coglions</h1>
  </body>
</html>

D, [2023-05-15T00:15:43.697204 #62534] DEBUG -- : UserMailer#welcome_email: processed outbound mail in 8.0ms
D, [2023-05-15T00:17:03.746782 #63373] DEBUG -- : UserMailer#welcome_email: processed outbound mail in 54.1ms
D, [2023-05-15T00:18:21.694698 #63373] DEBUG -- : UserMailer#welcome_email: processed outbound mail in 377.2ms
I, [2023-05-15T00:18:21.766278 #63373]  INFO -- : Delivered mail 64615e2dac750_f78d1478195d@alessandro-KLVC-WXX9.mail (71.1ms)
D, [2023-05-15T00:18:21.766446 #63373] DEBUG -- : Date: Mon, 15 May 2023 00:18:21 +0200
From: discover.railsproject@gmail.com
To: alessandrosaccone96@gmail.com
Message-ID: <64615e2dac750_f78d1478195d@alessandro-KLVC-WXX9.mail>
Subject: Welcome to My App
Mime-Version: 1.0
Content-Type: text/html;
 charset=UTF-8
Content-Transfer-Encoding: 7bit

<!DOCTYPE html>
<html>
  <head>
    <meta http-equiv="Content-Type" content="text/html; charset=utf-8" />
    <style>
      /* Email styles need to be inline */
    </style>
  </head>

  <body>
    <h1>Invia quesot coglions</h1>
  </body>
</html>

